#
# A fatal error has been detected by the Java Runtime Environment:
#
#  EXCEPTION_ACCESS_VIOLATION (0xc0000005) at pc=0x000000006b76c48b, pid=21896, tid=22380
#
# JRE version: 7.0_05-b05
# Java VM: Java HotSpot(TM) 64-Bit Server VM (23.1-b03 mixed mode windows-amd64 compressed oops)
# Problematic frame:
# V  [jvm.dll+0x11c48b]
#
# Failed to write core dump. Minidumps are not enabled by default on client versions of Windows
#
# If you would like to submit a bug report, please visit:
#   http://bugreport.sun.com/bugreport/crash.jsp
#

---------------  T H R E A D  ---------------

Current thread (0x000000000b216000):  JavaThread "JDWP Transport Listener: dt_socket" daemon [_thread_in_vm, id=22380, stack(0x000000000c2f0000,0x000000000c3f0000)]

siginfo: ExceptionCode=0xc0000005, reading address 0x00000000ffffffff

Registers:
RAX=0x000000000c3ef301, RBX=0x000000000b216000, RCX=0x00000000726f7373, RDX=0x000000000b216000
RSP=0x000000000c3ef3a0, RBP=0x00000000726f7373, RSI=0x000000000c3ef4b8, RDI=0x000000000053a770
R8 =0x000000000c3ef4b8, R9 =0x000000000017000d, R10=0x0000000000000000, R11=0x000000000b58f0e4
R12=0x0000000000000000, R13=0x0000000000000000, R14=0x0000000000000000, R15=0x0000000000000000
RIP=0x000000006b76c48b, EFLAGS=0x0000000000010202

Top of Stack: (sp=0x000000000c3ef3a0)
0x000000000c3ef3a0:   000000000b216000 000000000b4f6470
0x000000000c3ef3b0:   000000000c3ef468 000000006b8f2539
0x000000000c3ef3c0:   000000000b216000 000000006b90df02
0x000000000c3ef3d0:   0000000000000000 000000000b216000
0x000000000c3ef3e0:   0000000009331060 000000006f19264e
0x000000000c3ef3f0:   000000000b216000 0000000000000000
0x000000000c3ef400:   0000000000000000 0000000000000000
0x000000000c3ef410:   6c706d49726f7373 000000006f191745
0x000000000c3ef420:   000000000c3ef4b8 000000000c3ef490
0x000000000c3ef430:   0000000000000001 0000000009331060
0x000000000c3ef440:   6c706d49726f7373 000000006f1753b3
0x000000000c3ef450:   000000000c3ef580 0000000000000001
0x000000000c3ef460:   0000000000000001 0000000009331060
0x000000000c3ef470:   0000000000000009 0000000000000000
0x000000000c3ef480:   0000000000000000 0000000000000000
0x000000000c3ef490:   0000000000000001 000000006f175571 

Instructions: (pc=0x000000006b76c48b)
0x000000006b76c46b:   48 8b 5c 24 30 48 89 47 18 48 83 c4 20 5f c3 cc
0x000000006b76c47b:   cc cc cc cc cc 40 53 48 83 ec 20 48 85 c9 74 54
0x000000006b76c48b:   48 8b 19 48 85 db 74 4c 48 b8 fe fe fe fe fe fe
0x000000006b76c49b:   fe fe 48 3b d8 74 3d 80 3d ff c7 58 00 00 74 15 


Register to memory mapping:

RAX=0x000000000c3ef301 is pointing into the stack for thread: 0x000000000b216000
RBX=0x000000000b216000 is a thread
RCX=0x00000000726f7373 is an unknown value
RDX=0x000000000b216000 is a thread
RSP=0x000000000c3ef3a0 is pointing into the stack for thread: 0x000000000b216000
RBP=0x00000000726f7373 is an unknown value
RSI=0x000000000c3ef4b8 is pointing into the stack for thread: 0x000000000b216000
RDI=0x000000000053a770 is an unknown value
R8 =0x000000000c3ef4b8 is pointing into the stack for thread: 0x000000000b216000
R9 =0x000000000017000d is an unknown value
R10=0x0000000000000000 is an unknown value
R11=0x000000000b58f0e4 is an unknown value
R12=0x0000000000000000 is an unknown value
R13=0x0000000000000000 is an unknown value
R14=0x0000000000000000 is an unknown value
R15=0x0000000000000000 is an unknown value


Stack: [0x000000000c2f0000,0x000000000c3f0000],  sp=0x000000000c3ef3a0,  free space=1020k
Native frames: (J=compiled Java code, j=interpreted, Vv=VM code, C=native code)
V  [jvm.dll+0x11c48b]


---------------  P R O C E S S  ---------------

Java Threads: ( => current thread )
  0x000000000b239800 JavaThread "Service Thread" daemon [_thread_blocked, id=23568, stack(0x000000000c710000,0x000000000c810000)]
  0x000000000b236000 JavaThread "C2 CompilerThread1" daemon [_thread_blocked, id=20796, stack(0x000000000c550000,0x000000000c650000)]
  0x000000000b234800 JavaThread "C2 CompilerThread0" daemon [_thread_blocked, id=23584, stack(0x000000000c1e0000,0x000000000c2e0000)]
  0x000000000b225000 JavaThread "JDWP Command Reader" daemon [_thread_in_native, id=22584, stack(0x000000000c410000,0x000000000c510000)]
  0x000000000b224000 JavaThread "JDWP Event Helper Thread" daemon [_thread_blocked, id=21880, stack(0x000000000bfe0000,0x000000000c0e0000)]
=>0x000000000b216000 JavaThread "JDWP Transport Listener: dt_socket" daemon [_thread_in_vm, id=22380, stack(0x000000000c2f0000,0x000000000c3f0000)]
  0x000000000b209000 JavaThread "Attach Listener" daemon [_thread_blocked, id=22204, stack(0x000000000b8a0000,0x000000000b9a0000)]
  0x000000000b208000 JavaThread "Signal Dispatcher" daemon [_thread_blocked, id=24520, stack(0x000000000b720000,0x000000000b820000)]
  0x0000000009338000 JavaThread "Finalizer" daemon [_thread_blocked, id=24236, stack(0x000000000af70000,0x000000000b070000)]
  0x000000000932f800 JavaThread "Reference Handler" daemon [_thread_blocked, id=24368, stack(0x000000000b0a0000,0x000000000b1a0000)]
  0x0000000002238000 JavaThread "main" [_thread_blocked, id=24472, stack(0x0000000002480000,0x0000000002580000)]

Other Threads:
  0x0000000009323800 VMThread [stack: 0x000000000add0000,0x000000000aed0000] [id=22748]
  0x000000000b285000 WatcherThread [stack: 0x000000000c880000,0x000000000c980000] [id=22736]

VM state:not at safepoint (normal execution)

VM Mutex/Monitor currently owned by a thread: None

Heap
 PSYoungGen      total 18944K, used 18173K [0x00000000eae00000, 0x00000000ec320000, 0x0000000000000000)
  eden space 16256K, 95% used [0x00000000eae00000,0x00000000ebd218c0,0x00000000ebde0000)
  from space 2688K, 99% used [0x00000000ebde0000,0x00000000ec07dea8,0x00000000ec080000)
  to   space 2688K, 0% used [0x00000000ec080000,0x00000000ec080000,0x00000000ec320000)
 ParOldGen       total 43264K, used 744K [0x00000000c0a00000, 0x00000000c3440000, 0x00000000eae00000)
  object space 43264K, 1% used [0x00000000c0a00000,0x00000000c0aba2b0,0x00000000c3440000)
 PSPermGen       total 21248K, used 15365K [0x00000000bb800000, 0x00000000bccc0000, 0x00000000c0a00000)
  object space 21248K, 72% used [0x00000000bb800000,0x00000000bc701530,0x00000000bccc0000)

Code Cache  [0x0000000002580000, 0x00000000027f0000, 0x0000000005580000)
 total_blobs=429 nmethods=135 adapters=253 free_code_cache=48359Kb largest_free_block=49485056

Compilation events (10 events):
Event: 2.242 Thread 0x000000000b236000 nmethod 125 0x00000000026436d0 code [0x0000000002643800, 0x0000000002643858]
Event: 2.242 Thread 0x000000000b236000  126             java.util.ArrayList::ensureCapacityInternal (26 bytes)
Event: 2.243 Thread 0x000000000b236000 nmethod 126 0x00000000026433d0 code [0x0000000002643520, 0x00000000026435e8]
Event: 2.243 Thread 0x000000000b236000  127             java.util.ArrayList::add (29 bytes)
Event: 2.244 Thread 0x000000000b236000 nmethod 127 0x0000000002642f50 code [0x00000000026430a0, 0x0000000002643248]
Event: 2.244 Thread 0x000000000b236000  128             java.lang.Class::getName (21 bytes)
Event: 2.244 Thread 0x000000000b236000 nmethod 128 0x000000000263a310 code [0x000000000263a460, 0x000000000263a508]
Event: 2.244 Thread 0x000000000b236000  129             java.util.HashMap$HashIterator::nextEntry (99 bytes)
Event: 2.246 Thread 0x000000000b236000 nmethod 129 0x0000000002639590 code [0x00000000026396e0, 0x00000000026398f8]
Event: 2.256 Thread 0x000000000b234800 nmethod 123 0x0000000002649b50 code [0x0000000002649f00, 0x000000000264b9a8]

GC Heap History (2 events):
Event: 1.940 GC heap before
{Heap before GC invocations=1 (full 0):
 PSYoungGen      total 18944K, used 16256K [0x00000000eae00000, 0x00000000ec320000, 0x0000000000000000)
  eden space 16256K, 100% used [0x00000000eae00000,0x00000000ebde0000,0x00000000ebde0000)
  from space 2688K, 0% used [0x00000000ec080000,0x00000000ec080000,0x00000000ec320000)
  to   space 2688K, 0% used [0x00000000ebde0000,0x00000000ebde0000,0x00000000ec080000)
 ParOldGen       total 43264K, used 0K [0x00000000c0a00000, 0x00000000c3440000, 0x00000000eae00000)
  object space 43264K, 0% used [0x00000000c0a00000,0x00000000c0a00000,0x00000000c3440000)
 PSPermGen       total 21248K, used 12462K [0x00000000bb800000, 0x00000000bccc0000, 0x00000000c0a00000)
  object space 21248K, 58% used [0x00000000bb800000,0x00000000bc42bb28,0x00000000bccc0000)
Event: 1.944 GC heap after
Heap after GC invocations=1 (full 0):
 PSYoungGen      total 18944K, used 2679K [0x00000000eae00000, 0x00000000ec320000, 0x0000000000000000)
  eden space 16256K, 0% used [0x00000000eae00000,0x00000000eae00000,0x00000000ebde0000)
  from space 2688K, 99% used [0x00000000ebde0000,0x00000000ec07dea8,0x00000000ec080000)
  to   space 2688K, 0% used [0x00000000ec080000,0x00000000ec080000,0x00000000ec320000)
 ParOldGen       total 43264K, used 744K [0x00000000c0a00000, 0x00000000c3440000, 0x00000000eae00000)
  object space 43264K, 1% used [0x00000000c0a00000,0x00000000c0aba2b0,0x00000000c3440000)
 PSPermGen       total 21248K, used 12462K [0x00000000bb800000, 0x00000000bccc0000, 0x00000000c0a00000)
  object space 21248K, 58% used [0x00000000bb800000,0x00000000bc42bb28,0x00000000bccc0000)
}

Deoptimization events (10 events):
Event: 2.046 Thread 0x0000000002238000 Uncommon trap -25 fr.pc 0x000000000261f84c
Event: 2.047 Thread 0x0000000002238000 Uncommon trap -25 fr.pc 0x000000000261f84c
Event: 2.047 Thread 0x0000000002238000 Uncommon trap -25 fr.pc 0x000000000261f84c
Event: 2.047 Thread 0x0000000002238000 Uncommon trap -25 fr.pc 0x000000000261f84c
Event: 2.048 Thread 0x0000000002238000 Uncommon trap -25 fr.pc 0x000000000261f84c
Event: 2.202 Thread 0x0000000002238000 Uncommon trap -34 fr.pc 0x00000000026314e8
Event: 2.206 Thread 0x0000000002238000 Uncommon trap -34 fr.pc 0x0000000002602e5c
Event: 2.215 Thread 0x0000000002238000 Uncommon trap -34 fr.pc 0x00000000026314e8
Event: 2.215 Thread 0x0000000002238000 Uncommon trap -34 fr.pc 0x00000000026314e8
Event: 2.215 Thread 0x0000000002238000 Uncommon trap -34 fr.pc 0x00000000026314e8

Internal exceptions (10 events):
Event: 2.046 Thread 0x0000000002238000 Threw 0x00000000eb3166b8 at C:\jdk7u1_64p\jdk7u5\hotspot\src\share\vm\interpreter\interpreterRuntime.cpp:347
Event: 2.046 Thread 0x0000000002238000 Threw 0x00000000eb31e1e8 at C:\jdk7u1_64p\jdk7u5\hotspot\src\share\vm\interpreter\interpreterRuntime.cpp:347
Event: 2.047 Thread 0x0000000002238000 Threw 0x00000000eb32abe0 at C:\jdk7u1_64p\jdk7u5\hotspot\src\share\vm\interpreter\interpreterRuntime.cpp:347
Event: 2.047 Thread 0x0000000002238000 Threw 0x00000000eb32b8a8 at C:\jdk7u1_64p\jdk7u5\hotspot\src\share\vm\interpreter\interpreterRuntime.cpp:347
Event: 2.048 Thread 0x0000000002238000 Threw 0x00000000eb32f230 at C:\jdk7u1_64p\jdk7u5\hotspot\src\share\vm\interpreter\interpreterRuntime.cpp:347
Event: 2.048 Thread 0x0000000002238000 Threw 0x00000000eb331570 at C:\jdk7u1_64p\jdk7u5\hotspot\src\share\vm\interpreter\interpreterRuntime.cpp:347
Event: 2.209 Thread 0x0000000002238000 Threw 0x00000000ebab04d0 at C:\jdk7u1_64p\jdk7u5\hotspot\src\share\vm\prims\jni.cpp:715
Event: 2.210 Thread 0x0000000002238000 Threw 0x00000000ebab0f38 at C:\jdk7u1_64p\jdk7u5\hotspot\src\share\vm\prims\jni.cpp:715
Event: 2.236 Thread 0x0000000002238000 Threw 0x00000000ebb98f60 at C:\jdk7u1_64p\jdk7u5\hotspot\src\share\vm\classfile\systemDictionary.cpp:179
Event: 2.250 Thread 0x0000000002238000 Threw 0x00000000ebc19ae0 at C:\jdk7u1_64p\jdk7u5\hotspot\src\share\vm\classfile\systemDictionary.cpp:179

Events (10 events):
Event: 973.711 Executing VM operation: GetCurrentLocation
Event: 973.711 Executing VM operation: GetCurrentLocation done
Event: 973.711 Executing VM operation: EnterInterpOnlyMode
Event: 973.711 Executing VM operation: EnterInterpOnlyMode done
Event: 973.711 Executing VM operation: ChangeSingleStep
Event: 973.711 Executing VM operation: ChangeSingleStep done
Event: 973.711 Executing VM operation: ChangeSingleStep
Event: 973.711 Executing VM operation: ChangeSingleStep done
Event: 973.736 Executing VM operation: RedefineClasses
Event: 973.737 Executing VM operation: RedefineClasses done


Dynamic libraries:
0x000000003f920000 - 0x000000003f954000 	C:\Program Files\Java\jre7\bin\javaw.exe
0x0000000077930000 - 0x0000000077ad9000 	C:\Windows\SYSTEM32\ntdll.dll
0x0000000077250000 - 0x000000007736f000 	C:\Windows\system32\kernel32.dll
0x00000000fde60000 - 0x00000000fdecb000 	C:\Windows\system32\KERNELBASE.dll
0x00000000fe630000 - 0x00000000fe70b000 	C:\Windows\system32\ADVAPI32.dll
0x00000000fe280000 - 0x00000000fe31f000 	C:\Windows\system32\msvcrt.dll
0x00000000ffb00000 - 0x00000000ffb1f000 	C:\Windows\SYSTEM32\sechost.dll
0x00000000fe320000 - 0x00000000fe44d000 	C:\Windows\system32\RPCRT4.dll
0x00000000776d0000 - 0x00000000777ca000 	C:\Windows\system32\USER32.dll
0x00000000ffba0000 - 0x00000000ffc07000 	C:\Windows\system32\GDI32.dll
0x00000000fe270000 - 0x00000000fe27e000 	C:\Windows\system32\LPK.dll
0x00000000fe4f0000 - 0x00000000fe5b9000 	C:\Windows\system32\USP10.dll
0x00000000fbf90000 - 0x00000000fc184000 	C:\Windows\WinSxS\amd64_microsoft.windows.common-controls_6595b64144ccf1df_6.0.7601.17514_none_fa396087175ac9ac\COMCTL32.dll
0x00000000fe710000 - 0x00000000fe781000 	C:\Windows\system32\SHLWAPI.dll
0x00000000ffc10000 - 0x00000000ffc3e000 	C:\Windows\system32\IMM32.DLL
0x00000000fe160000 - 0x00000000fe269000 	C:\Windows\system32\MSCTF.dll
0x000000006fce0000 - 0x000000006fdb1000 	C:\Program Files\Java\jre7\bin\msvcr100.dll
0x000000006b650000 - 0x000000006bd6a000 	C:\Program Files\Java\jre7\bin\server\jvm.dll
0x00000000fd1f0000 - 0x00000000fd1f9000 	C:\Windows\system32\WSOCK32.dll
0x00000000fe5c0000 - 0x00000000fe60d000 	C:\Windows\system32\WS2_32.dll
0x00000000feae0000 - 0x00000000feae8000 	C:\Windows\system32\NSI.dll
0x00000000fbbd0000 - 0x00000000fbc0b000 	C:\Windows\system32\WINMM.dll
0x0000000077b00000 - 0x0000000077b07000 	C:\Windows\system32\PSAPI.DLL
0x000000006fc60000 - 0x000000006fc6f000 	C:\Program Files\Java\jre7\bin\verify.dll
0x000000006fc30000 - 0x000000006fc58000 	C:\Program Files\Java\jre7\bin\java.dll
0x000000006f170000 - 0x000000006f1a5000 	C:\Program Files\Java\jre7\bin\jdwp.dll
0x000000006f1e0000 - 0x000000006f1e8000 	C:\Program Files\Java\jre7\bin\npt.dll
0x000000006fc10000 - 0x000000006fc25000 	C:\Program Files\Java\jre7\bin\zip.dll
0x000000006fa50000 - 0x000000006fa59000 	C:\Program Files\Java\jre7\bin\dt_socket.dll
0x00000000fc270000 - 0x00000000fc285000 	C:\Windows\system32\NLAapi.dll
0x00000000fa1e0000 - 0x00000000fa1f5000 	C:\Windows\system32\napinsp.dll
0x00000000fa200000 - 0x00000000fa219000 	C:\Windows\system32\pnrpnsp.dll
0x00000000fd5c0000 - 0x00000000fd615000 	C:\Windows\System32\mswsock.dll
0x00000000fd440000 - 0x00000000fd49b000 	C:\Windows\system32\DNSAPI.dll
0x00000000fa1d0000 - 0x00000000fa1db000 	C:\Windows\System32\winrnr.dll
0x00000000fa270000 - 0x00000000fa29e000 	C:\Program Files\Common Files\Microsoft Shared\Windows Live\WLIDNSP.DLL
0x00000000fad50000 - 0x00000000fad77000 	C:\Windows\system32\IPHLPAPI.DLL
0x00000000fad40000 - 0x00000000fad4b000 	C:\Windows\system32\WINNSI.DLL
0x00000000fa8f0000 - 0x00000000fa943000 	C:\Windows\System32\fwpuclnt.dll
0x00000000fa260000 - 0x00000000fa268000 	C:\Windows\system32\rasadhlp.dll
0x00000000fce00000 - 0x00000000fce07000 	C:\Windows\System32\wshtcpip.dll
0x000000006fa80000 - 0x000000006fa99000 	C:\Program Files\Java\jre7\bin\net.dll
0x00000000fd5b0000 - 0x00000000fd5b7000 	C:\Windows\System32\wship6.dll
0x000000006fa60000 - 0x000000006fa71000 	C:\Program Files\Java\jre7\bin\nio.dll
0x00000000fd620000 - 0x00000000fd637000 	C:\Windows\system32\CRYPTSP.dll
0x00000000fd320000 - 0x00000000fd367000 	C:\Windows\system32\rsaenh.dll
0x00000000fd200000 - 0x00000000fd21e000 	C:\Windows\system32\USERENV.dll
0x00000000fdd90000 - 0x00000000fdd9f000 	C:\Windows\system32\profapi.dll
0x00000000fdc80000 - 0x00000000fdc8f000 	C:\Windows\system32\CRYPTBASE.dll
0x00000000f61f0000 - 0x00000000f6315000 	C:\Windows\system32\dbghelp.dll

VM Arguments:
jvm_args: -agentlib:jdwp=transport=dt_socket,suspend=y,address=localhost:65185 -Dfile.encoding=UTF-8 -Xbootclasspath:C:\Program Files\Java\jre7\lib\resources.jar;C:\Program Files\Java\jre7\lib\rt.jar;C:\Program Files\Java\jre7\lib\jsse.jar;C:\Program Files\Java\jre7\lib\jce.jar;C:\Program Files\Java\jre7\lib\charsets.jar;C:\Program Files\Java\jre7\lib\jfr.jar;C:\Program Files\Java\jdk1.7.0_05\lib\tools.jar 
java_command: fr.esrf.icat.ingesterPilot.IcatPilotIngester
Launcher Type: SUN_STANDARD

Environment Variables:
JAVA_HOME=C:\Program Files\Java\jdk1.7.0_05
PATH=C:\Program Files (x86)\PC Connectivity Solution\;C:\oracle\instantclient_11_2;C:\Program Files\Common Files\Microsoft Shared\Windows Live;C:\Program Files (x86)\Common Files\Microsoft Shared\Windows Live;C:\Windows\system32;C:\Windows;C:\Windows\System32\Wbem;C:\Windows\System32\WindowsPowerShell\v1.0\;C:\Program Files (x86)\Intel\Services\IPT\;C:\Program Files (x86)\ATI Technologies\ATI.ACE\Core-Static;C:\Program Files (x86)\NTRU Cryptosystems\NTRU TCG Software Stack\bin\;C:\Program Files\NTRU Cryptosystems\NTRU TCG Software Stack\bin\;C:\Program Files\Dell\Dell Data Protection\Access\Advanced\Wave\Gemalto\Access Client\v5\;C:\Program Files (x86)\Windows Live\Shared;C:\Program Files (x86)\Common Files\Roxio Shared\DLLShared\;C:\Program Files (x86)\Common Files\Roxio Shared\OEM\DLLShared\;C:\Program Files (x86)\Common Files\Roxio Shared\OEM\DLLShared\;C:\Program Files (x86)\Common Files\Roxio Shared\OEM\12.0\DLLShared\;C:\Program Files (x86)\Roxio\OEM\AudioCore\;C:\Program Files\TortoiseSVN\bin;C:\Program Files\SlikSvn\bin;C:\Program Files (x86)\SSH Communications Security\SSH Secure Shell;C:\Program Files (x86)\apache-maven-3.0.4\\bin
USERNAME=BESSONE
LD_LIBRARY_PATH=C:\oracle\instantclient_11_2
OS=Windows_NT
PROCESSOR_IDENTIFIER=Intel64 Family 6 Model 42 Stepping 7, GenuineIntel



---------------  S Y S T E M  ---------------

OS: Windows 7 , 64 bit Build 7601 Service Pack 1

CPU:total 8 (4 cores per cpu, 2 threads per core) family 6 model 42 stepping 7, cmov, cx8, fxsr, mmx, sse, sse2, sse3, ssse3, sse4.1, sse4.2, popcnt, avx, ht, tsc, tscinvbit

Memory: 4k page, physical 4150168k(1151900k free), swap 8298484k(2582612k free)

vm_info: Java HotSpot(TM) 64-Bit Server VM (23.1-b03) for windows-amd64 JRE (1.7.0_05-b05), built on May 15 2012 18:09:30 by "java_re" with unknown MS VC++:1600

time: Thu Mar 07 21:55:58 2013
elapsed time: 973 seconds

