2013-03-07 14:25:24 INFO  IcatPilotIngester:181 - this is a sample log message.
2013-03-07 14:25:42 INFO  IcatPilotIngester:181 - this is a sample log message.
2013-03-07 14:25:45 INFO  IcatPilotIngester:201 - 0) freeDM_A_0003.edf, 1229824 bytes, 2012-11-16T16:05:27
1) freeDM_A_0006.edf, 1229824 bytes, 2012-11-16T16:05:27
2) freeDM_A_.db, 4 bytes, 2012-11-16T16:05:27
3) freeDM_A_.h.sh, 56 bytes, 2012-11-16T16:05:27
4) freeDM_A_.info, 833 bytes, 2012-07-25T13:16:16
5) freeDM_A_.par, 4427 bytes, 2012-11-16T16:05:27
6) freeDM_A_.rec, 318 bytes, 2012-11-16T16:05:27
7) freeDM_A_.xml, 10309 bytes, 2012-07-25T13:07:47
8) freeDM_A_0007.edf, 1229824 bytes, 2012-11-16T16:05:27
9) freeDM_A_0011.edf, 1229824 bytes, 2012-11-16T16:05:27
10) freeDM_A_0001.par, 4432 bytes, 2012-11-16T16:05:27
11) freeDM_A_0010.edf, 1229824 bytes, 2012-11-16T16:05:27
12) freeDM_A_0002.par, 4432 bytes, 2012-11-16T16:05:27
13) freeDM_A_0012.edf, 1229824 bytes, 2012-11-16T16:05:27
14) freeDM_A_0009.edf, 1229824 bytes, 2012-11-16T16:05:27
15) freeDM_A_0013.edf, 1229824 bytes, 2012-11-16T16:05:27
16) freeDM_A_0015.edf, 1229824 bytes, 2012-11-16T16:05:27
17) freeDM_A_0014.edf, 1229824 bytes, 2012-11-16T16:05:27
18) freeDM_A_0016.edf, 1229824 bytes, 2012-11-16T16:05:27
19) freeDM_A_0017.edf, 1229824 bytes, 2012-11-16T16:05:27
20) freeDM_A_0018.edf, 1229824 bytes, 2012-11-16T16:05:27
21) freeDM_A_0019.edf, 1229824 bytes, 2012-11-16T16:05:27
22) freeDM_A_0022.edf, 1229824 bytes, 2012-11-16T16:05:27
23) freeDM_A_0020.edf, 1229824 bytes, 2012-11-16T16:05:27
24) freeDM_A_0023.edf, 1229824 bytes, 2012-11-16T16:05:27
25) freeDM_A_0021.edf, 1229824 bytes, 2012-11-16T16:05:27
26) freeDM_A_0024.edf, 1229824 bytes, 2012-11-16T16:05:27
27) freeDM_A_0025.edf, 1229824 bytes, 2012-11-16T16:05:27
28) freeDM_A_0026.edf, 1229824 bytes, 2012-11-16T16:05:27
29) freeDM_A_0028.edf, 1229824 bytes, 2012-11-16T16:05:27
30) freeDM_A_0027.edf, 1229824 bytes, 2012-11-16T16:05:27
31) freeDM_A_0029.edf, 1229824 bytes, 2012-11-16T16:05:27
32) freeDM_A_0035.edf, 1229824 bytes, 2012-11-16T16:05:27
33) freeDM_A_0031.edf, 1229824 bytes, 2012-11-16T16:05:27
34) freeDM_A_0030.edf, 1229824 bytes, 2012-11-16T16:05:27
35) freeDM_A_0032.edf, 1229824 bytes, 2012-11-16T16:05:27
36) freeDM_A_0033.edf, 1229824 bytes, 2012-11-16T16:05:27
37) freeDM_A_0036.edf, 1229824 bytes, 2012-11-16T16:05:27
38) freeDM_A_0037.edf, 1229824 bytes, 2012-11-16T16:05:27
39) freeDM_A_0034.edf, 1229824 bytes, 2012-11-16T16:05:27
40) freeDM_A_0038.edf, 1229824 bytes, 2012-11-16T16:05:27
41) freeDM_A_0039.edf, 1229824 bytes, 2012-11-16T16:05:27
42) freeDM_A_0042.edf, 1229824 bytes, 2012-11-16T16:05:27
43) freeDM_A_0040.edf, 1229824 bytes, 2012-11-16T16:05:27
44) freeDM_A_0041.edf, 1229824 bytes, 2012-11-16T16:05:27
45) freeDM_A_0044.edf, 1229824 bytes, 2012-11-16T16:05:27
46) freeDM_A_0043.edf, 1229824 bytes, 2012-11-16T16:05:27
47) freeDM_A_0045.edf, 1229824 bytes, 2012-11-16T16:05:27
48) freeDM_A_0047.edf, 1229824 bytes, 2012-11-16T16:05:27
49) freeDM_A_0046.edf, 1229824 bytes, 2012-11-16T16:05:27
50) freeDM_A_0418.edf, 1229824 bytes, 2012-11-16T16:05:27
51) freeDM_A_0052.edf, 1229824 bytes, 2012-11-16T16:05:27
52) freeDM_A_0050.edf, 1229824 bytes, 2012-11-16T16:05:27
53) freeDM_A_0049.edf, 1229824 bytes, 2012-11-16T16:05:27
54) freeDM_A_0053.edf, 1229824 bytes, 2012-11-16T16:05:27
55) freeDM_A_0054.edf, 1229824 bytes, 2012-11-16T16:05:27
56) freeDM_A_0051.edf, 1229824 bytes, 2012-11-16T16:05:27
57) freeDM_A_0056.edf, 1229824 bytes, 2012-11-16T16:05:27
58) freeDM_A_0055.edf, 1229824 bytes, 2012-11-16T16:05:27
59) freeDM_A_0057.edf, 1229824 bytes, 2012-11-16T16:05:27
60) freeDM_A_0059.edf, 1229824 bytes, 2012-11-16T16:05:27
61) freeDM_A_0058.edf, 1229824 bytes, 2012-11-16T16:05:27
62) freeDM_A_0061.edf, 1229824 bytes, 2012-11-16T16:05:27
63) freeDM_A_0060.edf, 1229824 bytes, 2012-11-16T16:05:27
64) freeDM_A_0062.edf, 1229824 bytes, 2012-11-16T16:05:27
65) freeDM_A_0064.edf, 1229824 bytes, 2012-11-16T16:05:27
66) freeDM_A_0063.edf, 1229824 bytes, 2012-11-16T16:05:27
67) freeDM_A_0065.edf, 1229824 bytes, 2012-11-16T16:05:27
68) freeDM_A_0068.edf, 1229824 bytes, 2012-11-16T16:05:27
69) freeDM_A_0066.edf, 1229824 bytes, 2012-11-16T16:05:27
70) freeDM_A_0069.edf, 1229824 bytes, 2012-11-16T16:05:27
71) freeDM_A_0067.edf, 1229824 bytes, 2012-11-16T16:05:27
72) freeDM_A_0071.edf, 1229824 bytes, 2012-11-16T16:05:27
73) freeDM_A_0072.edf, 1229824 bytes, 2012-11-16T16:05:27
74) freeDM_A_0070.edf, 1229824 bytes, 2012-11-16T16:05:27
75) freeDM_A_0074.edf, 1229824 bytes, 2012-11-16T16:05:27
76) freeDM_A_0073.edf, 1229824 bytes, 2012-11-16T16:05:27
77) freeDM_A_0075.edf, 1229824 bytes, 2012-11-16T16:05:27
78) freeDM_A_0077.edf, 1229824 bytes, 2012-11-16T16:05:27
79) freeDM_A_0076.edf, 1229824 bytes, 2012-11-16T16:05:27
80) freeDM_A_0079.edf, 1229824 bytes, 2012-11-16T16:05:27
81) freeDM_A_0078.edf, 1229824 bytes, 2012-11-16T16:05:27
82) freeDM_A_0082.edf, 1229824 bytes, 2012-11-16T16:05:27
83) freeDM_A_0084.edf, 1229824 bytes, 2012-11-16T16:05:27
84) freeDM_A_0080.edf, 1229824 bytes, 2012-11-16T16:05:27
85) freeDM_A_0081.edf, 1229824 bytes, 2012-11-16T16:05:27
86) freeDM_A_0083.edf, 1229824 bytes, 2012-11-16T16:05:27
87) freeDM_A_0085.edf, 1229824 bytes, 2012-11-16T16:05:27
88) freeDM_A_0086.edf, 1229824 bytes, 2012-11-16T16:05:27
89) freeDM_A_0087.edf, 1229824 bytes, 2012-11-16T16:05:27
90) freeDM_A_0088.edf, 1229824 bytes, 2012-11-16T16:05:27
91) freeDM_A_0091.edf, 1229824 bytes, 2012-11-16T16:05:27
92) freeDM_A_0089.edf, 1229824 bytes, 2012-11-16T16:05:27
93) freeDM_A_0092.edf, 1229824 bytes, 2012-11-16T16:05:27
94) freeDM_A_0093.edf, 1229824 bytes, 2012-11-16T16:05:27
95) freeDM_A_0090.edf, 1229824 bytes, 2012-11-16T16:05:27
96) freeDM_A_0094.edf, 1229824 bytes, 2012-11-16T16:05:27
97) freeDM_A_0097.edf, 1229824 bytes, 2012-11-16T16:05:27
98) freeDM_A_0095.edf, 1229824 bytes, 2012-11-16T16:05:27
99) freeDM_A_0096.edf, 1229824 bytes, 2012-11-16T16:05:27
100) freeDM_A_0099.edf, 1229824 bytes, 2012-11-16T16:05:27
101) freeDM_A_0419.edf, 1229824 bytes, 2012-11-16T16:05:27
102) freeDM_A_0102.edf, 1229824 bytes, 2012-11-16T16:05:27
103) freeDM_A_0098.edf, 1229824 bytes, 2012-11-16T16:05:27
104) freeDM_A_0420.edf, 1229824 bytes, 2012-11-16T16:05:27
105) freeDM_A_0641.edf, 1229824 bytes, 2012-11-16T16:05:27
106) freeDM_A_0640.edf, 1229824 bytes, 2012-11-16T16:05:27
107) freeDM_A_0101.edf, 1229824 bytes, 2012-11-16T16:05:27
108) freeDM_A_0106.edf, 1229824 bytes, 2012-11-16T16:05:27
109) freeDM_A_0108.edf, 1229824 bytes, 2012-11-16T16:05:27
110) freeDM_A_0107.edf, 1229824 bytes, 2012-11-16T16:05:27
111) freeDM_A_0111.edf, 1229824 bytes, 2012-11-16T16:05:27
112) freeDM_A_0109.edf, 1229824 bytes, 2012-11-16T16:05:27
113) freeDM_A_0110.edf, 1229824 bytes, 2012-11-16T16:05:27
114) freeDM_A_0112.edf, 1229824 bytes, 2012-11-16T16:05:27
115) freeDM_A_0114.edf, 1229824 bytes, 2012-11-16T16:05:27
116) freeDM_A_0113.edf, 1229824 bytes, 2012-11-16T16:05:27
117) freeDM_A_0115.edf, 1229824 bytes, 2012-11-16T16:05:27
118) freeDM_A_0116.edf, 1229824 bytes, 2012-11-16T16:05:27
119) freeDM_A_0117.edf, 1229824 bytes, 2012-11-16T16:05:27
120) freeDM_A_0119.edf, 1229824 bytes, 2012-11-16T16:05:27
121) freeDM_A_0118.edf, 1229824 bytes, 2012-11-16T16:05:27
122) freeDM_A_0120.edf, 1229824 bytes, 2012-11-16T16:05:27
123) freeDM_A_0122.edf, 1229824 bytes, 2012-11-16T16:05:27
124) freeDM_A_0121.edf, 1229824 bytes, 2012-11-16T16:05:27
125) freeDM_A_0123.edf, 1229824 bytes, 2012-11-16T16:05:27
126) freeDM_A_0125.edf, 1229824 bytes, 2012-11-16T16:05:27
127) freeDM_A_0124.edf, 1229824 bytes, 2012-11-16T16:05:27
128) freeDM_A_0127.edf, 1229824 bytes, 2012-11-16T16:05:27
129) freeDM_A_0126.edf, 1229824 bytes, 2012-11-16T16:05:27
130) freeDM_A_0128.edf, 1229824 bytes, 2012-11-16T16:05:27
131) freeDM_A_0129.edf, 1229824 bytes, 2012-11-16T16:05:27
132) freeDM_A_0130.edf, 1229824 bytes, 2012-11-16T16:05:27
133) freeDM_A_0131.edf, 1229824 bytes, 2012-11-16T16:05:27
134) freeDM_A_0132.edf, 1229824 bytes, 2012-11-16T16:05:27
135) freeDM_A_0135.edf, 1229824 bytes, 2012-11-16T16:05:27
136) freeDM_A_0133.edf, 1229824 bytes, 2012-11-16T16:05:27
137) freeDM_A_0134.edf, 1229824 bytes, 2012-11-16T16:05:27
138) freeDM_A_0137.edf, 1229824 bytes, 2012-11-16T16:05:27
139) freeDM_A_0136.edf, 1229824 bytes, 2012-11-16T16:05:27
140) freeDM_A_0139.edf, 1229824 bytes, 2012-11-16T16:05:27
141) freeDM_A_0138.edf, 1229824 bytes, 2012-11-16T16:05:27
142) freeDM_A_0141.edf, 1229824 bytes, 2012-11-16T16:05:27
143) freeDM_A_0145.edf, 1229824 bytes, 2012-11-16T16:05:27
144) freeDM_A_0142.edf, 1229824 bytes, 2012-11-16T16:05:27
145) freeDM_A_0140.edf, 1229824 bytes, 2012-11-16T16:05:27
146) freeDM_A_0147.edf, 1229824 bytes, 2012-11-16T16:05:27
147) freeDM_A_0143.edf, 1229824 bytes, 2012-11-16T16:05:27
148) freeDM_A_0144.edf, 1229824 bytes, 2012-11-16T16:05:27
149) freeDM_A_0146.edf, 1229824 bytes, 2012-11-16T16:05:27
150) freeDM_A_0148.edf, 1229824 bytes, 2012-11-16T16:05:27
151) freeDM_A_0150.edf, 1229824 bytes, 2012-11-16T16:05:27
152) freeDM_A_0152.edf, 1229824 bytes, 2012-11-16T16:05:27
153) freeDM_A_0149.edf, 1229824 bytes, 2012-11-16T16:05:27
154) freeDM_A_0153.edf, 1229824 bytes, 2012-11-16T16:05:27
155) freeDM_A_0422.edf, 1229824 bytes, 2012-11-16T16:05:27
156) freeDM_A_0151.edf, 1229824 bytes, 2012-11-16T16:05:27
157) freeDM_A_0154.edf, 1229824 bytes, 2012-11-16T16:05:27
158) freeDM_A_0158.edf, 1229824 bytes, 2012-11-16T16:05:27
159) freeDM_A_0155.edf, 1229824 bytes, 2012-11-16T16:05:27
160) freeDM_A_0159.edf, 1229824 bytes, 2012-11-16T16:05:27
161) freeDM_A_0157.edf, 1229824 bytes, 2012-11-16T16:05:27
162) freeDM_A_0160.edf, 1229824 bytes, 2012-11-16T16:05:27
163) freeDM_A_0162.edf, 1229824 bytes, 2012-11-16T16:05:27
164) freeDM_A_0163.edf, 1229824 bytes, 2012-11-16T16:05:28
165) freeDM_A_0161.edf, 1229824 bytes, 2012-11-16T16:05:28
166) freeDM_A_0164.edf, 1229824 bytes, 2012-11-16T16:05:28
167) freeDM_A_0165.edf, 1229824 bytes, 2012-11-16T16:05:28
168) freeDM_A_0167.edf, 1229824 bytes, 2012-11-16T16:05:28
169) freeDM_A_0168.edf, 1229824 bytes, 2012-11-16T16:05:28
170) freeDM_A_0173.edf, 1229824 bytes, 2012-11-16T16:05:28
171) freeDM_A_0166.edf, 1229824 bytes, 2012-11-16T16:05:28
172) freeDM_A_0175.edf, 1229824 bytes, 2012-11-16T16:05:28
173) freeDM_A_0170.edf, 1229824 bytes, 2012-11-16T16:05:28
174) freeDM_A_0171.edf, 1229824 bytes, 2012-11-16T16:05:28
175) freeDM_A_0169.edf, 1229824 bytes, 2012-11-16T16:05:28
176) freeDM_A_0172.edf, 1229824 bytes, 2012-11-16T16:05:28
177) freeDM_A_0177.edf, 1229824 bytes, 2012-11-16T16:05:28
178) freeDM_A_0174.edf, 1229824 bytes, 2012-11-16T16:05:28
179) freeDM_A_0176.edf, 1229824 bytes, 2012-11-16T16:05:28
180) freeDM_A_0178.edf, 1229824 bytes, 2012-11-16T16:05:28
181) freeDM_A_0182.edf, 1229824 bytes, 2012-11-16T16:05:28
182) freeDM_A_0179.edf, 1229824 bytes, 2012-11-16T16:05:28
183) freeDM_A_0180.edf, 1229824 bytes, 2012-11-16T16:05:28
184) freeDM_A_0184.edf, 1229824 bytes, 2012-11-16T16:05:28
185) freeDM_A_0181.edf, 1229824 bytes, 2012-11-16T16:05:28
186) freeDM_A_0183.edf, 1229824 bytes, 2012-11-16T16:05:28
187) freeDM_A_0186.edf, 1229824 bytes, 2012-11-16T16:05:28
188) freeDM_A_0185.edf, 1229824 bytes, 2012-11-16T16:05:28
189) freeDM_A_0187.edf, 1229824 bytes, 2012-11-16T16:05:28
190) freeDM_A_0188.edf, 1229824 bytes, 2012-11-16T16:05:28
191) freeDM_A_0191.edf, 1229824 bytes, 2012-11-16T16:05:28
192) freeDM_A_0189.edf, 1229824 bytes, 2012-11-16T16:05:28
193) freeDM_A_0192.edf, 1229824 bytes, 2012-11-16T16:05:28
194) freeDM_A_0190.edf, 1229824 bytes, 2012-11-16T16:05:28
195) freeDM_A_0193.edf, 1229824 bytes, 2012-11-16T16:05:28
196) freeDM_A_0196.edf, 1229824 bytes, 2012-11-16T16:05:28
197) freeDM_A_0195.edf, 1229824 bytes, 2012-11-16T16:05:28
198) freeDM_A_0197.edf, 1229824 bytes, 2012-11-16T16:05:28
199) freeDM_A_0194.edf, 1229824 bytes, 2012-11-16T16:05:28
200) freeDM_A_0199.edf, 1229824 bytes, 2012-11-16T16:05:28
201) freeDM_A_0198.edf, 1229824 bytes, 2012-11-16T16:05:28
202) freeDM_A_0200.edf, 1229824 bytes, 2012-11-16T16:05:28
203) freeDM_A_0201.edf, 1229824 bytes, 2012-11-16T16:05:28
204) freeDM_A_0202.edf, 1229824 bytes, 2012-11-16T16:05:28
205) freeDM_A_0205.edf, 1229824 bytes, 2012-11-16T16:05:28
206) freeDM_A_0204.edf, 1229824 bytes, 2012-11-16T16:05:28
207) freeDM_A_0203.edf, 1229824 bytes, 2012-11-16T16:05:28
208) freeDM_A_0421.edf, 1229824 bytes, 2012-11-16T16:05:28
209) freeDM_A_0206.edf, 1229824 bytes, 2012-11-16T16:05:28
210) freeDM_A_0208.edf, 1229824 bytes, 2012-11-16T16:05:28
211) freeDM_A_0644.edf, 1229824 bytes, 2012-11-16T16:05:28
212) freeDM_A_0643.edf, 1229824 bytes, 2012-11-16T16:05:28
213) freeDM_A_0210.edf, 1229824 bytes, 2012-11-16T16:05:28
214) freeDM_A_0212.edf, 1229824 bytes, 2012-11-16T16:05:28
215) freeDM_A_0213.edf, 1229824 bytes, 2012-11-16T16:05:28
216) freeDM_A_0214.edf, 1229824 bytes, 2012-11-16T16:05:28
217) freeDM_A_0216.edf, 1229824 bytes, 2012-11-16T16:05:28
218) freeDM_A_0219.edf, 1229824 bytes, 2012-11-16T16:05:28
219) freeDM_A_0215.edf, 1229824 bytes, 2012-11-16T16:05:28
220) freeDM_A_0217.edf, 1229824 bytes, 2012-11-16T16:05:28
221) freeDM_A_0218.edf, 1229824 bytes, 2012-11-16T16:05:28
222) freeDM_A_0221.edf, 1229824 bytes, 2012-11-16T16:05:28
223) freeDM_A_0220.edf, 1229824 bytes, 2012-11-16T16:05:28
224) freeDM_A_0222.edf, 1229824 bytes, 2012-11-16T16:05:28
225) freeDM_A_0223.edf, 1229824 bytes, 2012-11-16T16:05:28
226) freeDM_A_0225.edf, 1229824 bytes, 2012-11-16T16:05:28
227) freeDM_A_0224.edf, 1229824 bytes, 2012-11-16T16:05:28
228) freeDM_A_0227.edf, 1229824 bytes, 2012-11-16T16:05:28
229) freeDM_A_0228.edf, 1229824 bytes, 2012-11-16T16:05:28
230) freeDM_A_0226.edf, 1229824 bytes, 2012-11-16T16:05:28
231) freeDM_A_0230.edf, 1229824 bytes, 2012-11-16T16:05:28
232) freeDM_A_0232.edf, 1229824 bytes, 2012-11-16T16:05:28
233) freeDM_A_0229.edf, 1229824 bytes, 2012-11-16T16:05:28
234) freeDM_A_0231.edf, 1229824 bytes, 2012-11-16T16:05:28
235) freeDM_A_0233.edf, 1229824 bytes, 2012-11-16T16:05:28
236) freeDM_A_0234.edf, 1229824 bytes, 2012-11-16T16:05:28
237) freeDM_A_0235.edf, 1229824 bytes, 2012-11-16T16:05:28
238) freeDM_A_0236.edf, 1229824 bytes, 2012-11-16T16:05:28
239) freeDM_A_0237.edf, 1229824 bytes, 2012-11-16T16:05:28
240) freeDM_A_0238.edf, 1229824 bytes, 2012-11-16T16:05:28
241) freeDM_A_0239.edf, 1229824 bytes, 2012-11-16T16:05:28
242) freeDM_A_0240.edf, 1229824 bytes, 2012-11-16T16:05:28
243) freeDM_A_0242.edf, 1229824 bytes, 2012-11-16T16:05:28
244) freeDM_A_0243.edf, 1229824 bytes, 2012-11-16T16:05:28
245) freeDM_A_0241.edf, 1229824 bytes, 2012-11-16T16:05:28
246) freeDM_A_0244.edf, 1229824 bytes, 2012-11-16T16:05:28
247) freeDM_A_0245.edf, 1229824 bytes, 2012-11-16T16:05:28
248) freeDM_A_0246.edf, 1229824 bytes, 2012-11-16T16:05:28
249) freeDM_A_0247.edf, 1229824 bytes, 2012-11-16T16:05:28
250) freeDM_A_0248.edf, 1229824 bytes, 2012-11-16T16:05:28
251) freeDM_A_0250.edf, 1229824 bytes, 2012-11-16T16:05:28
252) freeDM_A_0249.edf, 1229824 bytes, 2012-11-16T16:05:28
253) freeDM_A_0251.edf, 1229824 bytes, 2012-11-16T16:05:28
254) freeDM_A_0253.edf, 1229824 bytes, 2012-11-16T16:05:28
255) freeDM_A_0252.edf, 1229824 bytes, 2012-11-16T16:05:28
256) freeDM_A_0254.edf, 1229824 bytes, 2012-11-16T16:05:28
257) freeDM_A_0256.edf, 1229824 bytes, 2012-11-16T16:05:28
258) freeDM_A_0255.edf, 1229824 bytes, 2012-11-16T16:05:28
259) freeDM_A_0258.edf, 1229824 bytes, 2012-11-16T16:05:28
260) freeDM_A_0257.edf, 1229824 bytes, 2012-11-16T16:05:28
261) freeDM_A_0259.edf, 1229824 bytes, 2012-11-16T16:05:28
262) freeDM_A_0424.edf, 1229824 bytes, 2012-11-16T16:05:28
263) freeDM_A_0262.edf, 1229824 bytes, 2012-11-16T16:05:28
264) freeDM_A_0260.edf, 1229824 bytes, 2012-11-16T16:05:28
265) freeDM_A_0645.edf, 1229824 bytes, 2012-11-16T16:05:28
266) freeDM_A_0265.edf, 1229824 bytes, 2012-11-16T16:05:28
267) freeDM_A_0263.edf, 1229824 bytes, 2012-11-16T16:05:28
268) freeDM_A_0266.edf, 1229824 bytes, 2012-11-16T16:05:28
269) freeDM_A_0264.edf, 1229824 bytes, 2012-11-16T16:05:28
270) freeDM_A_0269.edf, 1229824 bytes, 2012-11-16T16:05:28
271) freeDM_A_0271.edf, 1229824 bytes, 2012-11-16T16:05:28
272) freeDM_A_0268.edf, 1229824 bytes, 2012-11-16T16:05:28
273) freeDM_A_0270.edf, 1229824 bytes, 2012-11-16T16:05:28
274) freeDM_A_0272.edf, 1229824 bytes, 2012-11-16T16:05:28
275) freeDM_A_0273.edf, 1229824 bytes, 2012-11-16T16:05:28
276) freeDM_A_0275.edf, 1229824 bytes, 2012-11-16T16:05:28
277) freeDM_A_0274.edf, 1229824 bytes, 2012-11-16T16:05:28
278) freeDM_A_0277.edf, 1229824 bytes, 2012-11-16T16:05:28
279) freeDM_A_0279.edf, 1229824 bytes, 2012-11-16T16:05:28
280) freeDM_A_0276.edf, 1229824 bytes, 2012-11-16T16:05:28
281) freeDM_A_0280.edf, 1229824 bytes, 2012-11-16T16:05:28
282) freeDM_A_0278.edf, 1229824 bytes, 2012-11-16T16:05:28
283) freeDM_A_0281.edf, 1229824 bytes, 2012-11-16T16:05:28
284) freeDM_A_0282.edf, 1229824 bytes, 2012-11-16T16:05:28
285) freeDM_A_0283.edf, 1229824 bytes, 2012-11-16T16:05:28
286) freeDM_A_0285.edf, 1229824 bytes, 2012-11-16T16:05:28
287) freeDM_A_0284.edf, 1229824 bytes, 2012-11-16T16:05:28
288) freeDM_A_0287.edf, 1229824 bytes, 2012-11-16T16:05:28
289) freeDM_A_0288.edf, 1229824 bytes, 2012-11-16T16:05:28
290) freeDM_A_0286.edf, 1229824 bytes, 2012-11-16T16:05:28
291) freeDM_A_0289.edf, 1229824 bytes, 2012-11-16T16:05:28
292) freeDM_A_0290.edf, 1229824 bytes, 2012-11-16T16:05:28
293) freeDM_A_0294.edf, 1229824 bytes, 2012-11-16T16:05:28
294) freeDM_A_0291.edf, 1229824 bytes, 2012-11-16T16:05:28
295) freeDM_A_0292.edf, 1229824 bytes, 2012-11-16T16:05:28
296) freeDM_A_0293.edf, 1229824 bytes, 2012-11-16T16:05:28
297) freeDM_A_0295.edf, 1229824 bytes, 2012-11-16T16:05:28
298) freeDM_A_0298.edf, 1229824 bytes, 2012-11-16T16:05:28
299) freeDM_A_0297.edf, 1229824 bytes, 2012-11-16T16:05:28
300) freeDM_A_0296.edf, 1229824 bytes, 2012-11-16T16:05:28
301) freeDM_A_0300.edf, 1229824 bytes, 2012-11-16T16:05:28
302) freeDM_A_0299.edf, 1229824 bytes, 2012-11-16T16:05:28
303) freeDM_A_0303.edf, 1229824 bytes, 2012-11-16T16:05:28
304) freeDM_A_0301.edf, 1229824 bytes, 2012-11-16T16:05:28
305) freeDM_A_0305.edf, 1229824 bytes, 2012-11-16T16:05:28
306) freeDM_A_0302.edf, 1229824 bytes, 2012-11-16T16:05:28
307) freeDM_A_0304.edf, 1229824 bytes, 2012-11-16T16:05:28
308) freeDM_A_0306.edf, 1229824 bytes, 2012-11-16T16:05:28
309) freeDM_A_0307.edf, 1229824 bytes, 2012-11-16T16:05:28
310) freeDM_A_0308.edf, 1229824 bytes, 2012-11-16T16:05:28
311) freeDM_A_0309.edf, 1229824 bytes, 2012-11-16T16:05:28
312) freeDM_A_0310.edf, 1229824 bytes, 2012-11-16T16:05:28
313) freeDM_A_0311.edf, 1229824 bytes, 2012-11-16T16:05:28
314) freeDM_A_0313.edf, 1229824 bytes, 2012-11-16T16:05:28
315) freeDM_A_0312.edf, 1229824 bytes, 2012-11-16T16:05:28
316) freeDM_A_0314.edf, 1229824 bytes, 2012-11-16T16:05:28
317) freeDM_A_0315.edf, 1229824 bytes, 2012-11-16T16:05:28
318) freeDM_A_0647.edf, 1229824 bytes, 2012-11-16T16:05:28
319) freeDM_A_0316.edf, 1229824 bytes, 2012-11-16T16:05:28
320) freeDM_A_0318.edf, 1229824 bytes, 2012-11-16T16:05:28
321) freeDM_A_0321.edf, 1229824 bytes, 2012-11-16T16:05:28
322) freeDM_A_0320.edf, 1229824 bytes, 2012-11-16T16:05:28
323) freeDM_A_0319.edf, 1229824 bytes, 2012-11-16T16:05:28
324) freeDM_A_0324.edf, 1229824 bytes, 2012-11-16T16:05:28
325) freeDM_A_0322.edf, 1229824 bytes, 2012-11-16T16:05:28
326) freeDM_A_0323.edf, 1229824 bytes, 2012-11-16T16:05:28
327) freeDM_A_0325.edf, 1229824 bytes, 2012-11-16T16:05:28
328) freeDM_A_0328.edf, 1229824 bytes, 2012-11-16T16:05:28
329) freeDM_A_0327.edf, 1229824 bytes, 2012-11-16T16:05:28
330) freeDM_A_0326.edf, 1229824 bytes, 2012-11-16T16:05:28
331) freeDM_A_0330.edf, 1229824 bytes, 2012-11-16T16:05:28
332) freeDM_A_0329.edf, 1229824 bytes, 2012-11-16T16:05:28
333) freeDM_A_0331.edf, 1229824 bytes, 2012-11-16T16:05:28
334) freeDM_A_0332.edf, 1229824 bytes, 2012-11-16T16:05:28
335) freeDM_A_0333.edf, 1229824 bytes, 2012-11-16T16:05:28
336) freeDM_A_0334.edf, 1229824 bytes, 2012-11-16T16:05:28
337) freeDM_A_0336.edf, 1229824 bytes, 2012-11-16T16:05:28
338) freeDM_A_0335.edf, 1229824 bytes, 2012-11-16T16:05:28
339) freeDM_A_0337.edf, 1229824 bytes, 2012-11-16T16:05:28
340) freeDM_A_0339.edf, 1229824 bytes, 2012-11-16T16:05:28
341) freeDM_A_0338.edf, 1229824 bytes, 2012-11-16T16:05:28
342) freeDM_A_0340.edf, 1229824 bytes, 2012-11-16T16:05:28
343) freeDM_A_0341.edf, 1229824 bytes, 2012-11-16T16:05:28
344) freeDM_A_0342.edf, 1229824 bytes, 2012-11-16T16:05:28
345) freeDM_A_0344.edf, 1229824 bytes, 2012-11-16T16:05:28
346) freeDM_A_0343.edf, 1229824 bytes, 2012-11-16T16:05:28
347) freeDM_A_0346.edf, 1229824 bytes, 2012-11-16T16:05:28
348) freeDM_A_0347.edf, 1229824 bytes, 2012-11-16T16:05:28
349) freeDM_A_0348.edf, 1229824 bytes, 2012-11-16T16:05:28
350) freeDM_A_0345.edf, 1229824 bytes, 2012-11-16T16:05:28
351) freeDM_A_0349.edf, 1229824 bytes, 2012-11-16T16:05:28
352) freeDM_A_0354.edf, 1229824 bytes, 2012-11-16T16:05:28
353) freeDM_A_0351.edf, 1229824 bytes, 2012-11-16T16:05:28
354) freeDM_A_0352.edf, 1229824 bytes, 2012-11-16T16:05:28
355) freeDM_A_0350.edf, 1229824 bytes, 2012-11-16T16:05:28
356) freeDM_A_0353.edf, 1229824 bytes, 2012-11-16T16:05:28
357) freeDM_A_0356.edf, 1229824 bytes, 2012-11-16T16:05:28
358) freeDM_A_0355.edf, 1229824 bytes, 2012-11-16T16:05:28
359) freeDM_A_0357.edf, 1229824 bytes, 2012-11-16T16:05:28
360) freeDM_A_0358.edf, 1229824 bytes, 2012-11-16T16:05:28
361) freeDM_A_0359.edf, 1229824 bytes, 2012-11-16T16:05:28
362) freeDM_A_0360.edf, 1229824 bytes, 2012-11-16T16:05:28
363) freeDM_A_0363.edf, 1229824 bytes, 2012-11-16T16:05:28
364) freeDM_A_0361.edf, 1229824 bytes, 2012-11-16T16:05:28
365) freeDM_A_0362.edf, 1229824 bytes, 2012-11-16T16:05:28
366) freeDM_A_0365.edf, 1229824 bytes, 2012-11-16T16:05:28
367) freeDM_A_0364.edf, 1229824 bytes, 2012-11-16T16:05:28
368) freeDM_A_0366.edf, 1229824 bytes, 2012-11-16T16:05:28
369) freeDM_A_0367.edf, 1229824 bytes, 2012-11-16T16:05:28
370) freeDM_A_0368.edf, 1229824 bytes, 2012-11-16T16:05:28
371) freeDM_A_0646.edf, 1229824 bytes, 2012-11-16T16:05:28
372) freeDM_A_0370.edf, 1229824 bytes, 2012-11-16T16:05:28
373) freeDM_A_0373.edf, 1229824 bytes, 2012-11-16T16:05:28
374) freeDM_A_0371.edf, 1229824 bytes, 2012-11-16T16:05:28
375) freeDM_A_0372.edf, 1229824 bytes, 2012-11-16T16:05:28
376) freeDM_A_0375.edf, 1229824 bytes, 2012-11-16T16:05:28
377) freeDM_A_0374.edf, 1229824 bytes, 2012-11-16T16:05:28
378) freeDM_A_0377.edf, 1229824 bytes, 2012-11-16T16:05:28
379) freeDM_A_0378.edf, 1229824 bytes, 2012-11-16T16:05:28
380) freeDM_A_0376.edf, 1229824 bytes, 2012-11-16T16:05:28
381) freeDM_A_0379.edf, 1229824 bytes, 2012-11-16T16:05:28
382) freeDM_A_0381.edf, 1229824 bytes, 2012-11-16T16:05:28
383) freeDM_A_0380.edf, 1229824 bytes, 2012-11-16T16:05:28
384) freeDM_A_0383.edf, 1229824 bytes, 2012-11-16T16:05:28
385) freeDM_A_0382.edf, 1229824 bytes, 2012-11-16T16:05:28
386) freeDM_A_0384.edf, 1229824 bytes, 2012-11-16T16:05:28
387) freeDM_A_0385.edf, 1229824 bytes, 2012-11-16T16:05:28
388) freeDM_A_0386.edf, 1229824 bytes, 2012-11-16T16:05:28
389) freeDM_A_0388.edf, 1229824 bytes, 2012-11-16T16:05:28
390) freeDM_A_0389.edf, 1229824 bytes, 2012-11-16T16:05:28
391) freeDM_A_0387.edf, 1229824 bytes, 2012-11-16T16:05:28
392) freeDM_A_0391.edf, 1229824 bytes, 2012-11-16T16:05:28
393) freeDM_A_0392.edf, 1229824 bytes, 2012-11-16T16:05:28
394) freeDM_A_0390.edf, 1229824 bytes, 2012-11-16T16:05:28
395) freeDM_A_0396.edf, 1229824 bytes, 2012-11-16T16:05:28
396) freeDM_A_0393.edf, 1229824 bytes, 2012-11-16T16:05:28
397) freeDM_A_0395.edf, 1229824 bytes, 2012-11-16T16:05:28
398) freeDM_A_0394.edf, 1229824 bytes, 2012-11-16T16:05:28
399) freeDM_A_0398.edf, 1229824 bytes, 2012-11-16T16:05:28
400) freeDM_A_0397.edf, 1229824 bytes, 2012-11-16T16:05:28
401) freeDM_A_0399.edf, 1229824 bytes, 2012-11-16T16:05:28
402) freeDM_A_0400.edf, 1229824 bytes, 2012-11-16T16:05:28
403) freeDM_A_0401.edf, 1229824 bytes, 2012-11-16T16:05:28
404) freeDM_A_0402.edf, 1229824 bytes, 2012-11-16T16:05:28
405) freeDM_A_0404.edf, 1229824 bytes, 2012-11-16T16:05:28
406) freeDM_A_0403.edf, 1229824 bytes, 2012-11-16T16:05:28
407) freeDM_A_0405.edf, 1229824 bytes, 2012-11-16T16:05:28
408) freeDM_A_0406.edf, 1229824 bytes, 2012-11-16T16:05:28
409) freeDM_A_0409.edf, 1229824 bytes, 2012-11-16T16:05:28
410) freeDM_A_0408.edf, 1229824 bytes, 2012-11-16T16:05:28
411) freeDM_A_0410.edf, 1229824 bytes, 2012-11-16T16:05:28
412) freeDM_A_0407.edf, 1229824 bytes, 2012-11-16T16:05:28
413) freeDM_A_0411.edf, 1229824 bytes, 2012-11-16T16:05:28
414) freeDM_A_0413.edf, 1229824 bytes, 2012-11-16T16:05:28
415) freeDM_A_0412.edf, 1229824 bytes, 2012-11-16T16:05:28
416) freeDM_A_0414.edf, 1229824 bytes, 2012-11-16T16:05:28
417) freeDM_A_0415.edf, 1229824 bytes, 2012-11-16T16:05:28
418) freeDM_A_0416.edf, 1229824 bytes, 2012-11-16T16:05:28
419) freeDM_A_0417.edf, 1229824 bytes, 2012-11-16T16:05:28
420) freeDM_A_0425.edf, 1229824 bytes, 2012-11-16T16:05:28
421) freeDM_A_0423.edf, 1229824 bytes, 2012-11-16T16:05:28
422) freeDM_A_0426.edf, 1229824 bytes, 2012-11-16T16:05:28
423) freeDM_A_0427.edf, 1229824 bytes, 2012-11-16T16:05:28
424) freeDM_A_0428.edf, 1229824 bytes, 2012-11-16T16:05:28
425) freeDM_A_0429.edf, 1229824 bytes, 2012-11-16T16:05:28
426) freeDM_A_0430.edf, 1229824 bytes, 2012-11-16T16:05:28
427) freeDM_A_0432.edf, 1229824 bytes, 2012-11-16T16:05:28
428) freeDM_A_0433.edf, 1229824 bytes, 2012-11-16T16:05:28
429) freeDM_A_0434.edf, 1229824 bytes, 2012-11-16T16:05:28
430) freeDM_A_0431.edf, 1229824 bytes, 2012-11-16T16:05:28
431) freeDM_A_0435.edf, 1229824 bytes, 2012-11-16T16:05:28
432) freeDM_A_0437.edf, 1229824 bytes, 2012-11-16T16:05:28
433) freeDM_A_0436.edf, 1229824 bytes, 2012-11-16T16:05:28
434) freeDM_A_0438.edf, 1229824 bytes, 2012-11-16T16:05:28
435) freeDM_A_0439.edf, 1229824 bytes, 2012-11-16T16:05:28
436) freeDM_A_0440.edf, 1229824 bytes, 2012-11-16T16:05:28
437) freeDM_A_0441.edf, 1229824 bytes, 2012-11-16T16:05:28
438) freeDM_A_0443.edf, 1229824 bytes, 2012-11-16T16:05:28
439) freeDM_A_0442.edf, 1229824 bytes, 2012-11-16T16:05:28
440) freeDM_A_0444.edf, 1229824 bytes, 2012-11-16T16:05:28
441) freeDM_A_0446.edf, 1229824 bytes, 2012-11-16T16:05:28
442) freeDM_A_0447.edf, 1229824 bytes, 2012-11-16T16:05:28
443) freeDM_A_0445.edf, 1229824 bytes, 2012-11-16T16:05:28
444) freeDM_A_0448.edf, 1229824 bytes, 2012-11-16T16:05:28
445) freeDM_A_0450.edf, 1229824 bytes, 2012-11-16T16:05:28
446) freeDM_A_0449.edf, 1229824 bytes, 2012-11-16T16:05:28
447) freeDM_A_0451.edf, 1229824 bytes, 2012-11-16T16:05:28
448) freeDM_A_0452.edf, 1229824 bytes, 2012-11-16T16:05:28
449) freeDM_A_0453.edf, 1229824 bytes, 2012-11-16T16:05:28
450) freeDM_A_0454.edf, 1229824 bytes, 2012-11-16T16:05:28
451) freeDM_A_0455.edf, 1229824 bytes, 2012-11-16T16:05:28
452) freeDM_A_0456.edf, 1229824 bytes, 2012-11-16T16:05:28
453) freeDM_A_0457.edf, 1229824 bytes, 2012-11-16T16:05:28
454) freeDM_A_0458.edf, 1229824 bytes, 2012-11-16T16:05:28
455) freeDM_A_0460.edf, 1229824 bytes, 2012-11-16T16:05:28
456) freeDM_A_0459.edf, 1229824 bytes, 2012-11-16T16:05:28
457) freeDM_A_0461.edf, 1229824 bytes, 2012-11-16T16:05:28
458) freeDM_A_0462.edf, 1229824 bytes, 2012-11-16T16:05:28
459) freeDM_A_0463.edf, 1229824 bytes, 2012-11-16T16:05:28
460) freeDM_A_0464.edf, 1229824 bytes, 2012-11-16T16:05:28
461) freeDM_A_0465.edf, 1229824 bytes, 2012-11-16T16:05:28
462) freeDM_A_0466.edf, 1229824 bytes, 2012-11-16T16:05:28
463) freeDM_A_0467.edf, 1229824 bytes, 2012-11-16T16:05:28
464) freeDM_A_0468.edf, 1229824 bytes, 2012-11-16T16:05:28
465) freeDM_A_0469.edf, 1229824 bytes, 2012-11-16T16:05:28
466) freeDM_A_0470.edf, 1229824 bytes, 2012-11-16T16:05:28
467) freeDM_A_0471.edf, 1229824 bytes, 2012-11-16T16:05:28
468) freeDM_A_0472.edf, 1229824 bytes, 2012-11-16T16:05:28
469) freeDM_A_0473.edf, 1229824 bytes, 2012-11-16T16:05:28
470) freeDM_A_0474.edf, 1229824 bytes, 2012-11-16T16:05:28
471) freeDM_A_0475.edf, 1229824 bytes, 2012-11-16T16:05:28
472) freeDM_A_0478.edf, 1229824 bytes, 2012-11-16T16:05:28
473) freeDM_A_0476.edf, 1229824 bytes, 2012-11-16T16:05:28
474) freeDM_A_0477.edf, 1229824 bytes, 2012-11-16T16:05:28
475) freeDM_A_0479.edf, 1229824 bytes, 2012-11-16T16:05:28
476) freeDM_A_0480.edf, 1229824 bytes, 2012-11-16T16:05:28
477) freeDM_A_0481.edf, 1229824 bytes, 2012-11-16T16:05:28
478) freeDM_A_0483.edf, 1229824 bytes, 2012-11-16T16:05:28
479) freeDM_A_0482.edf, 1229824 bytes, 2012-11-16T16:05:28
480) freeDM_A_0485.edf, 1229824 bytes, 2012-11-16T16:05:28
481) freeDM_A_0484.edf, 1229824 bytes, 2012-11-16T16:05:28
482) freeDM_A_0486.edf, 1229824 bytes, 2012-11-16T16:05:28
483) freeDM_A_0487.edf, 1229824 bytes, 2012-11-16T16:05:28
484) freeDM_A_0489.edf, 1229824 bytes, 2012-11-16T16:05:28
485) freeDM_A_0488.edf, 1229824 bytes, 2012-11-16T16:05:28
486) freeDM_A_0491.edf, 1229824 bytes, 2012-11-16T16:05:28
487) freeDM_A_0490.edf, 1229824 bytes, 2012-11-16T16:05:28
488) freeDM_A_0492.edf, 1229824 bytes, 2012-11-16T16:05:28
489) freeDM_A_0493.edf, 1229824 bytes, 2012-11-16T16:05:28
490) freeDM_A_0496.edf, 1229824 bytes, 2012-11-16T16:05:28
491) freeDM_A_0494.edf, 1229824 bytes, 2012-11-16T16:05:28
492) freeDM_A_0495.edf, 1229824 bytes, 2012-11-16T16:05:28
493) freeDM_A_0497.edf, 1229824 bytes, 2012-11-16T16:05:28
494) freeDM_A_0498.edf, 1229824 bytes, 2012-11-16T16:05:28
495) freeDM_A_0499.edf, 1229824 bytes, 2012-11-16T16:05:28
496) freeDM_A_0500.edf, 1229824 bytes, 2012-11-16T16:05:28
497) freeDM_A_0501.edf, 1229824 bytes, 2012-11-16T16:05:28
498) freeDM_A_0503.edf, 1229824 bytes, 2012-11-16T16:05:28
499) freeDM_A_0502.edf, 1229824 bytes, 2012-11-16T16:05:28
500) freeDM_A_0504.edf, 1229824 bytes, 2012-11-16T16:05:28
501) freeDM_A_0505.edf, 1229824 bytes, 2012-11-16T16:05:28
502) freeDM_A_0507.edf, 1229824 bytes, 2012-11-16T16:05:28
503) freeDM_A_0506.edf, 1229824 bytes, 2012-11-16T16:05:28
504) freeDM_A_0510.edf, 1229824 bytes, 2012-11-16T16:05:28
505) freeDM_A_0508.edf, 1229824 bytes, 2012-11-16T16:05:28
506) freeDM_A_0509.edf, 1229824 bytes, 2012-11-16T16:05:28
507) freeDM_A_0511.edf, 1229824 bytes, 2012-11-16T16:05:28
508) freeDM_A_0512.edf, 1229824 bytes, 2012-11-16T16:05:28
509) freeDM_A_0513.edf, 1229824 bytes, 2012-11-16T16:05:28
510) freeDM_A_0514.edf, 1229824 bytes, 2012-11-16T16:05:28
511) freeDM_A_0516.edf, 1229824 bytes, 2012-11-16T16:05:28
512) freeDM_A_0517.edf, 1229824 bytes, 2012-11-16T16:05:28
513) freeDM_A_0515.edf, 1229824 bytes, 2012-11-16T16:05:28
514) freeDM_A_0518.edf, 1229824 bytes, 2012-11-16T16:05:28
515) freeDM_A_0520.edf, 1229824 bytes, 2012-11-16T16:05:28
516) freeDM_A_0519.edf, 1229824 bytes, 2012-11-16T16:05:28
517) freeDM_A_0522.edf, 1229824 bytes, 2012-11-16T16:05:28
518) freeDM_A_0523.edf, 1229824 bytes, 2012-11-16T16:05:28
519) freeDM_A_0521.edf, 1229824 bytes, 2012-11-16T16:05:28
520) freeDM_A_0527.edf, 1229824 bytes, 2012-11-16T16:05:28
521) freeDM_A_0524.edf, 1229824 bytes, 2012-11-16T16:05:28
522) freeDM_A_0525.edf, 1229824 bytes, 2012-11-16T16:05:28
523) freeDM_A_0526.edf, 1229824 bytes, 2012-11-16T16:05:28
524) freeDM_A_0528.edf, 1229824 bytes, 2012-11-16T16:05:28
525) freeDM_A_0530.edf, 1229824 bytes, 2012-11-16T16:05:28
526) freeDM_A_0529.edf, 1229824 bytes, 2012-11-16T16:05:28
527) freeDM_A_0531.edf, 1229824 bytes, 2012-11-16T16:05:28
528) freeDM_A_0533.edf, 1229824 bytes, 2012-11-16T16:05:28
529) freeDM_A_0532.edf, 1229824 bytes, 2012-11-16T16:05:28
530) freeDM_A_0534.edf, 1229824 bytes, 2012-11-16T16:05:28
531) freeDM_A_0535.edf, 1229824 bytes, 2012-11-16T16:05:28
532) freeDM_A_0536.edf, 1229824 bytes, 2012-11-16T16:05:28
533) freeDM_A_0537.edf, 1229824 bytes, 2012-11-16T16:05:28
534) freeDM_A_0538.edf, 1229824 bytes, 2012-11-16T16:05:28
535) freeDM_A_0540.edf, 1229824 bytes, 2012-11-16T16:05:28
536) freeDM_A_0539.edf, 1229824 bytes, 2012-11-16T16:05:28
537) freeDM_A_0541.edf, 1229824 bytes, 2012-11-16T16:05:28
538) freeDM_A_0542.edf, 1229824 bytes, 2012-11-16T16:05:28
539) freeDM_A_0544.edf, 1229824 bytes, 2012-11-16T16:05:28
540) freeDM_A_0543.edf, 1229824 bytes, 2012-11-16T16:05:28
541) freeDM_A_0545.edf, 1229824 bytes, 2012-11-16T16:05:28
542) freeDM_A_0546.edf, 1229824 bytes, 2012-11-16T16:05:28
543) freeDM_A_0547.edf, 1229824 bytes, 2012-11-16T16:05:28
544) freeDM_A_0548.edf, 1229824 bytes, 2012-11-16T16:05:28
545) freeDM_A_0549.edf, 1229824 bytes, 2012-11-16T16:05:28
546) freeDM_A_0551.edf, 1229824 bytes, 2012-11-16T16:05:28
547) freeDM_A_0550.edf, 1229824 bytes, 2012-11-16T16:05:28
548) freeDM_A_0553.edf, 1229824 bytes, 2012-11-16T16:05:28
549) freeDM_A_0554.edf, 1229824 bytes, 2012-11-16T16:05:28
550) freeDM_A_0552.edf, 1229824 bytes, 2012-11-16T16:05:28
551) freeDM_A_0555.edf, 1229824 bytes, 2012-11-16T16:05:28
552) freeDM_A_0557.edf, 1229824 bytes, 2012-11-16T16:05:28
553) freeDM_A_0556.edf, 1229824 bytes, 2012-11-16T16:05:28
554) freeDM_A_0558.edf, 1229824 bytes, 2012-11-16T16:05:28
555) freeDM_A_0559.edf, 1229824 bytes, 2012-11-16T16:05:28
556) freeDM_A_0560.edf, 1229824 bytes, 2012-11-16T16:05:28
557) freeDM_A_0562.edf, 1229824 bytes, 2012-11-16T16:05:28
558) freeDM_A_0561.edf, 1229824 bytes, 2012-11-16T16:05:28
559) freeDM_A_0563.edf, 1229824 bytes, 2012-11-16T16:05:28
560) freeDM_A_0566.edf, 1229824 bytes, 2012-11-16T16:05:28
561) freeDM_A_0564.edf, 1229824 bytes, 2012-11-16T16:05:28
562) freeDM_A_0565.edf, 1229824 bytes, 2012-11-16T16:05:29
563) freeDM_A_0567.edf, 1229824 bytes, 2012-11-16T16:05:29
564) freeDM_A_0569.edf, 1229824 bytes, 2012-11-16T16:05:29
565) freeDM_A_0568.edf, 1229824 bytes, 2012-11-16T16:05:29
566) freeDM_A_0570.edf, 1229824 bytes, 2012-11-16T16:05:29
567) freeDM_A_0571.edf, 1229824 bytes, 2012-11-16T16:05:29
568) freeDM_A_0572.edf, 1229824 bytes, 2012-11-16T16:05:29
569) freeDM_A_0574.edf, 1229824 bytes, 2012-11-16T16:05:29
570) freeDM_A_0575.edf, 1229824 bytes, 2012-11-16T16:05:29
571) freeDM_A_0573.edf, 1229824 bytes, 2012-11-16T16:05:29
572) freeDM_A_0576.edf, 1229824 bytes, 2012-11-16T16:05:29
573) freeDM_A_0577.edf, 1229824 bytes, 2012-11-16T16:05:29
574) freeDM_A_0578.edf, 1229824 bytes, 2012-11-16T16:05:29
575) freeDM_A_0579.edf, 1229824 bytes, 2012-11-16T16:05:29
576) freeDM_A_0580.edf, 1229824 bytes, 2012-11-16T16:05:29
577) freeDM_A_0581.edf, 1229824 bytes, 2012-11-16T16:05:29
578) freeDM_A_0582.edf, 1229824 bytes, 2012-11-16T16:05:29
579) freeDM_A_0584.edf, 1229824 bytes, 2012-11-16T16:05:29
580) freeDM_A_0585.edf, 1229824 bytes, 2012-11-16T16:05:29
581) freeDM_A_0583.edf, 1229824 bytes, 2012-11-16T16:05:29
582) freeDM_A_0586.edf, 1229824 bytes, 2012-11-16T16:05:29
583) freeDM_A_0587.edf, 1229824 bytes, 2012-11-16T16:05:29
584) freeDM_A_0588.edf, 1229824 bytes, 2012-11-16T16:05:29
585) freeDM_A_0589.edf, 1229824 bytes, 2012-11-16T16:05:29
586) freeDM_A_0590.edf, 1229824 bytes, 2012-11-16T16:05:29
587) freeDM_A_0591.edf, 1229824 bytes, 2012-11-16T16:05:29
588) freeDM_A_0593.edf, 1229824 bytes, 2012-11-16T16:05:29
589) freeDM_A_0592.edf, 1229824 bytes, 2012-11-16T16:05:29
590) freeDM_A_0594.edf, 1229824 bytes, 2012-11-16T16:05:29
591) freeDM_A_0596.edf, 1229824 bytes, 2012-11-16T16:05:29
592) freeDM_A_0595.edf, 1229824 bytes, 2012-11-16T16:05:29
593) freeDM_A_0598.edf, 1229824 bytes, 2012-11-16T16:05:29
594) freeDM_A_0597.edf, 1229824 bytes, 2012-11-16T16:05:29
595) freeDM_A_0599.edf, 1229824 bytes, 2012-11-16T16:05:29
596) freeDM_A_0600.edf, 1229824 bytes, 2012-11-16T16:05:29
597) freeDM_A_0601.edf, 1229824 bytes, 2012-11-16T16:05:29
598) freeDM_A_0602.edf, 1229824 bytes, 2012-11-16T16:05:29
599) freeDM_A_0604.edf, 1229824 bytes, 2012-11-16T16:05:29
600) freeDM_A_0603.edf, 1229824 bytes, 2012-11-16T16:05:29
601) freeDM_A_0605.edf, 1229824 bytes, 2012-11-16T16:05:29
602) freeDM_A_0606.edf, 1229824 bytes, 2012-11-16T16:05:29
603) freeDM_A_0608.edf, 1229824 bytes, 2012-11-16T16:05:29
604) freeDM_A_0607.edf, 1229824 bytes, 2012-11-16T16:05:29
605) freeDM_A_0609.edf, 1229824 bytes, 2012-11-16T16:05:29
606) freeDM_A_0610.edf, 1229824 bytes, 2012-11-16T16:05:57
607) freeDM_A_0612.edf, 1229824 bytes, 2012-11-16T16:05:57
608) freeDM_A_0611.edf, 1229824 bytes, 2012-11-16T16:05:57
609) freeDM_A_0613.edf, 1229824 bytes, 2012-11-16T16:05:57
610) freeDM_A_0614.edf, 1229824 bytes, 2012-11-16T16:05:57
611) freeDM_A_0615.edf, 1229824 bytes, 2012-11-16T16:05:57
612) freeDM_A_0617.edf, 1229824 bytes, 2012-11-16T16:05:57
613) freeDM_A_0616.edf, 1229824 bytes, 2012-11-16T16:05:57
614) freeDM_A_0618.edf, 1229824 bytes, 2012-11-16T16:05:57
615) freeDM_A_0620.edf, 1229824 bytes, 2012-11-16T16:05:57
616) freeDM_A_0619.edf, 1229824 bytes, 2012-11-16T16:05:57
617) freeDM_A_0621.edf, 1229824 bytes, 2012-11-16T16:05:57
618) freeDM_A_0622.edf, 1229824 bytes, 2012-11-16T16:05:57
619) freeDM_A_0623.edf, 1229824 bytes, 2012-11-16T16:05:57
620) freeDM_A_0624.edf, 1229824 bytes, 2012-11-16T16:05:57
621) freeDM_A_0625.edf, 1229824 bytes, 2012-11-16T16:05:57
622) freeDM_A_0627.edf, 1229824 bytes, 2012-11-16T16:05:57
623) freeDM_A_0626.edf, 1229824 bytes, 2012-11-16T16:05:57
624) freeDM_A_0628.edf, 1229824 bytes, 2012-11-16T16:05:57
625) freeDM_A_0629.edf, 1229824 bytes, 2012-11-16T16:05:57
626) freeDM_A_0630.edf, 1229824 bytes, 2012-11-16T16:05:57
627) freeDM_A_0631.edf, 1229824 bytes, 2012-11-16T16:05:57
628) freeDM_A_0634.edf, 1229824 bytes, 2012-11-16T16:05:57
629) freeDM_A_0632.edf, 1229824 bytes, 2012-11-16T16:05:57
630) freeDM_A_0635.edf, 1229824 bytes, 2012-11-16T16:05:57
631) freeDM_A_0633.edf, 1229824 bytes, 2012-11-16T16:05:57
632) freeDM_A_0636.edf, 1229824 bytes, 2012-11-16T16:05:57
633) freeDM_A_0637.edf, 1229824 bytes, 2012-11-16T16:05:57
634) freeDM_A_0638.edf, 1229824 bytes, 2012-11-16T16:05:57
635) freeDM_A_0648.edf, 1229824 bytes, 2012-11-16T16:05:57
636) freeDM_A_0649.edf, 1229824 bytes, 2012-11-16T16:05:57
637) freeDM_A_0639.edf, 1229824 bytes, 2012-11-16T16:05:57
638) freeDM_A_0651.edf, 1229824 bytes, 2012-11-16T16:05:57
639) freeDM_A_0650.edf, 1229824 bytes, 2012-11-16T16:05:57
640) freeDM_A_0652.edf, 1229824 bytes, 2012-11-16T16:05:57
641) freeDM_A_0653.edf, 1229824 bytes, 2012-11-16T16:05:57
642) freeDM_A_0654.edf, 1229824 bytes, 2012-11-16T16:05:57
643) freeDM_A_0655.edf, 1229824 bytes, 2012-11-16T16:05:57
644) freeDM_A_0656.edf, 1229824 bytes, 2012-11-16T16:05:57
645) freeDM_A_0658.edf, 1229824 bytes, 2012-11-16T16:05:57
646) freeDM_A_0657.edf, 1229824 bytes, 2012-11-16T16:05:57
647) freeDM_A_0661.edf, 1229824 bytes, 2012-11-16T16:05:57
648) freeDM_A_0659.edf, 1229824 bytes, 2012-11-16T16:05:57
649) freeDM_A_0660.edf, 1229824 bytes, 2012-11-16T16:05:57
650) freeDM_A_0663.edf, 1229824 bytes, 2012-11-16T16:05:57
651) freeDM_A_0662.edf, 1229824 bytes, 2012-11-16T16:05:57
652) freeDM_A_0664.edf, 1229824 bytes, 2012-11-16T16:05:57
653) freeDM_A_0666.edf, 1229824 bytes, 2012-11-16T16:05:57
654) freeDM_A_0665.edf, 1229824 bytes, 2012-11-16T16:05:57
655) freeDM_A_0667.edf, 1229824 bytes, 2012-11-16T16:05:57
656) freeDM_A_0668.edf, 1229824 bytes, 2012-11-16T16:05:57
657) freeDM_A_0669.edf, 1229824 bytes, 2012-11-16T16:05:57
658) freeDM_A_0670.edf, 1229824 bytes, 2012-11-16T16:05:57
659) freeDM_A_0671.edf, 1229824 bytes, 2012-11-16T16:05:57
660) freeDM_A_0674.edf, 1229824 bytes, 2012-11-16T16:05:57
661) freeDM_A_0672.edf, 1229824 bytes, 2012-11-16T16:05:57
662) freeDM_A_0673.edf, 1229824 bytes, 2012-11-16T16:05:57
663) freeDM_A_0675.edf, 1229824 bytes, 2012-11-16T16:05:57
664) freeDM_A_0676.edf, 1229824 bytes, 2012-11-16T16:05:57
665) freeDM_A_0677.edf, 1229824 bytes, 2012-11-16T16:05:57
666) freeDM_A_0678.edf, 1229824 bytes, 2012-11-16T16:05:57
667) freeDM_A_0679.edf, 1229824 bytes, 2012-11-16T16:05:57
668) freeDM_A_0680.edf, 1229824 bytes, 2012-11-16T16:05:57
669) freeDM_A_0681.edf, 1229824 bytes, 2012-11-16T16:05:57
670) freeDM_A_0682.edf, 1229824 bytes, 2012-11-16T16:05:57
671) freeDM_A_0683.edf, 1229824 bytes, 2012-11-16T16:05:57
672) freeDM_A_0684.edf, 1229824 bytes, 2012-11-16T16:05:57
673) freeDM_A_0685.edf, 1229824 bytes, 2012-11-16T16:05:57
674) freeDM_A_0687.edf, 1229824 bytes, 2012-11-16T16:05:57
675) freeDM_A_0686.edf, 1229824 bytes, 2012-11-16T16:05:57
676) freeDM_A_0688.edf, 1229824 bytes, 2012-11-16T16:05:57
677) freeDM_A_0689.edf, 1229824 bytes, 2012-11-16T16:05:57
678) freeDM_A_0690.edf, 1229824 bytes, 2012-11-16T16:05:57
679) freeDM_A_0691.edf, 1229824 bytes, 2012-11-16T16:05:57
680) freeDM_A_0692.edf, 1229824 bytes, 2012-11-16T16:05:57
681) freeDM_A_0693.edf, 1229824 bytes, 2012-11-16T16:05:57
682) freeDM_A_0694.edf, 1229824 bytes, 2012-11-16T16:05:57
683) freeDM_A_0695.edf, 1229824 bytes, 2012-11-16T16:05:57
684) freeDM_A_0696.edf, 1229824 bytes, 2012-11-16T16:05:57
685) freeDM_A_0697.edf, 1229824 bytes, 2012-11-16T16:05:57
686) freeDM_A_0698.edf, 1229824 bytes, 2012-11-16T16:05:57
687) freeDM_A_0699.edf, 1229824 bytes, 2012-11-16T16:05:57
688) freeDM_A_0700.edf, 1229824 bytes, 2012-11-16T16:05:57
689) freeDM_A_0701.edf, 1229824 bytes, 2012-11-16T16:05:57
690) freeDM_A_0702.edf, 1229824 bytes, 2012-11-16T16:05:57
691) freeDM_A_0703.edf, 1229824 bytes, 2012-11-16T16:05:57
692) freeDM_A_0704.edf, 1229824 bytes, 2012-11-16T16:05:57
693) freeDM_A_0706.edf, 1229824 bytes, 2012-11-16T16:05:57
694) freeDM_A_0705.edf, 1229824 bytes, 2012-11-16T16:05:57
695) freeDM_A_0708.edf, 1229824 bytes, 2012-11-16T16:05:57
696) freeDM_A_0707.edf, 1229824 bytes, 2012-11-16T16:05:57
697) freeDM_A_0709.edf, 1229824 bytes, 2012-11-16T16:05:57
698) freeDM_A_0710.edf, 1229824 bytes, 2012-11-16T16:05:57
699) freeDM_A_0711.edf, 1229824 bytes, 2012-11-16T16:05:57
700) freeDM_A_0712.edf, 1229824 bytes, 2012-11-16T16:05:57
701) freeDM_A_0713.edf, 1229824 bytes, 2012-11-16T16:05:57
702) freeDM_A_0714.edf, 1229824 bytes, 2012-11-16T16:05:57
703) freeDM_A_0715.edf, 1229824 bytes, 2012-11-16T16:05:57
704) freeDM_A_0717.edf, 1229824 bytes, 2012-11-16T16:05:57
705) freeDM_A_0718.edf, 1229824 bytes, 2012-11-16T16:05:57
706) freeDM_A_0716.edf, 1229824 bytes, 2012-11-16T16:05:57
707) freeDM_A_0719.edf, 1229824 bytes, 2012-11-16T16:05:57
708) freeDM_A_0720.edf, 1229824 bytes, 2012-11-16T16:05:57
709) freeDM_A_0721.edf, 1229824 bytes, 2012-11-16T16:05:57
710) freeDM_A_0722.edf, 1229824 bytes, 2012-11-16T16:05:57
711) freeDM_A_0723.edf, 1229824 bytes, 2012-11-16T16:05:57
712) freeDM_A_0724.edf, 1229824 bytes, 2012-11-16T16:05:57
713) freeDM_A_0727.edf, 1229824 bytes, 2012-11-16T16:05:57
714) freeDM_A_0725.edf, 1229824 bytes, 2012-11-16T16:05:57
715) freeDM_A_0728.edf, 1229824 bytes, 2012-11-16T16:05:57
716) freeDM_A_0726.edf, 1229824 bytes, 2012-11-16T16:05:57
717) freeDM_A_0729.edf, 1229824 bytes, 2012-11-16T16:05:57
718) freeDM_A_0730.edf, 1229824 bytes, 2012-11-16T16:05:57
719) freeDM_A_0731.edf, 1229824 bytes, 2012-11-16T16:05:57
720) freeDM_A_0732.edf, 1229824 bytes, 2012-11-16T16:05:57
721) freeDM_A_0733.edf, 1229824 bytes, 2012-11-16T16:05:57
722) freeDM_A_0734.edf, 1229824 bytes, 2012-11-16T16:05:57
723) freeDM_A_0736.edf, 1229824 bytes, 2012-11-16T16:05:57
724) freeDM_A_0735.edf, 1229824 bytes, 2012-11-16T16:05:57
725) freeDM_A_0737.edf, 1229824 bytes, 2012-11-16T16:05:57
726) freeDM_A_0738.edf, 1229824 bytes, 2012-11-16T16:05:57
727) freeDM_A_0739.edf, 1229824 bytes, 2012-11-16T16:05:57
728) freeDM_A_0740.edf, 1229824 bytes, 2012-11-16T16:05:57
729) freeDM_A_0741.edf, 1229824 bytes, 2012-11-16T16:05:57
730) freeDM_A_0742.edf, 1229824 bytes, 2012-11-16T16:05:57
731) freeDM_A_0744.edf, 1229824 bytes, 2012-11-16T16:05:57
732) freeDM_A_0743.edf, 1229824 bytes, 2012-11-16T16:05:57
733) freeDM_A_0745.edf, 1229824 bytes, 2012-11-16T16:05:57
734) freeDM_A_0748.edf, 1229824 bytes, 2012-11-16T16:05:57
735) freeDM_A_0746.edf, 1229824 bytes, 2012-11-16T16:05:57
736) freeDM_A_0747.edf, 1229824 bytes, 2012-11-16T16:05:57
737) freeDM_A_0749.edf, 1229824 bytes, 2012-11-16T16:05:57
738) freeDM_A_0750.edf, 1229824 bytes, 2012-11-16T16:05:57
739) freeDM_A_0751.edf, 1229824 bytes, 2012-11-16T16:05:57
740) freeDM_A_0753.edf, 1229824 bytes, 2012-11-16T16:05:57
741) freeDM_A_0752.edf, 1229824 bytes, 2012-11-16T16:05:57
742) freeDM_A_0754.edf, 1229824 bytes, 2012-11-16T16:05:57
743) freeDM_A_0755.edf, 1229824 bytes, 2012-11-16T16:05:57
744) freeDM_A_0756.edf, 1229824 bytes, 2012-11-16T16:05:57
745) freeDM_A_0757.edf, 1229824 bytes, 2012-11-16T16:05:57
746) freeDM_A_0758.edf, 1229824 bytes, 2012-11-16T16:05:57
747) freeDM_A_0761.edf, 1229824 bytes, 2012-11-16T16:05:57
748) freeDM_A_0759.edf, 1229824 bytes, 2012-11-16T16:05:57
749) freeDM_A_0762.edf, 1229824 bytes, 2012-11-16T16:05:57
750) freeDM_A_0760.edf, 1229824 bytes, 2012-11-16T16:05:57
751) freeDM_A_0763.edf, 1229824 bytes, 2012-11-16T16:05:57
752) freeDM_A_0764.edf, 1229824 bytes, 2012-11-16T16:05:57
753) freeDM_A_0765.edf, 1229824 bytes, 2012-11-16T16:05:57
754) freeDM_A_0766.edf, 1229824 bytes, 2012-11-16T16:05:57
755) freeDM_A_0767.edf, 1229824 bytes, 2012-11-16T16:05:57
756) freeDM_A_0768.edf, 1229824 bytes, 2012-11-16T16:05:57
757) freeDM_A_0770.edf, 1229824 bytes, 2012-11-16T16:05:57
758) freeDM_A_0771.edf, 1229824 bytes, 2012-11-16T16:05:57
759) freeDM_A_0769.edf, 1229824 bytes, 2012-11-16T16:05:57
760) freeDM_A_0772.edf, 1229824 bytes, 2012-11-16T16:05:57
761) freeDM_A_0773.edf, 1229824 bytes, 2012-11-16T16:05:57
762) freeDM_A_0774.edf, 1229824 bytes, 2012-11-16T16:05:57
763) freeDM_A_0777.edf, 1229824 bytes, 2012-11-16T16:05:57
764) freeDM_A_0775.edf, 1229824 bytes, 2012-11-16T16:05:57
765) freeDM_A_0776.edf, 1229824 bytes, 2012-11-16T16:05:57
766) freeDM_A_0778.edf, 1229824 bytes, 2012-11-16T16:05:57
767) freeDM_A_0779.edf, 1229824 bytes, 2012-11-16T16:05:57
768) freeDM_A_0780.edf, 1229824 bytes, 2012-11-16T16:05:57
769) freeDM_A_0782.edf, 1229824 bytes, 2012-11-16T16:05:57
770) freeDM_A_0783.edf, 1229824 bytes, 2012-11-16T16:05:57
771) freeDM_A_0781.edf, 1229824 bytes, 2012-11-16T16:05:57
772) freeDM_A_0785.edf, 1229824 bytes, 2012-11-16T16:05:57
773) freeDM_A_0787.edf, 1229824 bytes, 2012-11-16T16:05:57
774) freeDM_A_0784.edf, 1229824 bytes, 2012-11-16T16:05:57
775) freeDM_A_0786.edf, 1229824 bytes, 2012-11-16T16:05:57
776) freeDM_A_0788.edf, 1229824 bytes, 2012-11-16T16:05:57
777) freeDM_A_0789.edf, 1229824 bytes, 2012-11-16T16:05:57
778) freeDM_A_0790.edf, 1229824 bytes, 2012-11-16T16:05:57
779) freeDM_A_0792.edf, 1229824 bytes, 2012-11-16T16:05:57
780) freeDM_A_0791.edf, 1229824 bytes, 2012-11-16T16:05:57
781) freeDM_A_0793.edf, 1229824 bytes, 2012-11-16T16:05:57
782) freeDM_A_0795.edf, 1229824 bytes, 2012-11-16T16:05:57
783) freeDM_A_0797.edf, 1229824 bytes, 2012-11-16T16:05:57
784) freeDM_A_0794.edf, 1229824 bytes, 2012-11-16T16:05:57
785) freeDM_A_0798.edf, 1229824 bytes, 2012-11-16T16:05:57
786) freeDM_A_0796.edf, 1229824 bytes, 2012-11-16T16:05:57
787) freeDM_A_0799.edf, 1229824 bytes, 2012-11-16T16:05:57
788) freeDM_A_0801.edf, 1229824 bytes, 2012-11-16T16:05:57
789) freeDM_A_0800.edf, 1229824 bytes, 2012-11-16T16:05:57
790) freeDM_A_0802.edf, 1229824 bytes, 2012-11-16T16:05:57
791) freeDM_A_0803.edf, 1229824 bytes, 2012-11-16T16:05:57
792) freeDM_A_0804.edf, 1229824 bytes, 2012-11-16T16:05:57
793) freeDM_A_0805.edf, 1229824 bytes, 2012-11-16T16:05:57
794) freeDM_A_0806.edf, 1229824 bytes, 2012-11-16T16:05:57
795) freeDM_A_0807.edf, 1229824 bytes, 2012-11-16T16:05:57
796) freeDM_A_0808.edf, 1229824 bytes, 2012-11-16T16:05:57
797) freeDM_A_0810.edf, 1229824 bytes, 2012-11-16T16:05:57
798) freeDM_A_0811.edf, 1229824 bytes, 2012-11-16T16:05:57
799) freeDM_A_0809.edf, 1229824 bytes, 2012-11-16T16:05:57
800) freeDM_A_0812.edf, 1229824 bytes, 2012-11-16T16:05:57
801) freeDM_A_0814.edf, 1229824 bytes, 2012-11-16T16:05:57
802) freeDM_A_0813.edf, 1229824 bytes, 2012-11-16T16:05:57
803) freeDM_A_0815.edf, 1229824 bytes, 2012-11-16T16:05:57
804) freeDM_A_0816.edf, 1229824 bytes, 2012-11-16T16:05:57
805) freeDM_A_0817.edf, 1229824 bytes, 2012-11-16T16:05:57
806) freeDM_A_0820.edf, 1229824 bytes, 2012-11-16T16:05:57
807) freeDM_A_0818.edf, 1229824 bytes, 2012-11-16T16:05:57
808) freeDM_A_0819.edf, 1229824 bytes, 2012-11-16T16:05:57
809) freeDM_A_0821.edf, 1229824 bytes, 2012-11-16T16:05:57
810) freeDM_A_0823.edf, 1229824 bytes, 2012-11-16T16:05:57
811) freeDM_A_0822.edf, 1229824 bytes, 2012-11-16T16:05:57
812) freeDM_A_0824.edf, 1229824 bytes, 2012-11-16T16:05:57
813) freeDM_A_0825.edf, 1229824 bytes, 2012-11-16T16:05:57
814) freeDM_A_0826.edf, 1229824 bytes, 2012-11-16T16:05:57
815) freeDM_A_0828.edf, 1229824 bytes, 2012-11-16T16:05:57
816) freeDM_A_0827.edf, 1229824 bytes, 2012-11-16T16:05:57
817) freeDM_A_0829.edf, 1229824 bytes, 2012-11-16T16:05:57
818) freeDM_A_0830.edf, 1229824 bytes, 2012-11-16T16:05:57
819) freeDM_A_0831.edf, 1229824 bytes, 2012-11-16T16:05:57
820) freeDM_A_0832.edf, 1229824 bytes, 2012-11-16T16:05:57
821) freeDM_A_0833.edf, 1229824 bytes, 2012-11-16T16:05:57
822) freeDM_A_0834.edf, 1229824 bytes, 2012-11-16T16:05:57
823) freeDM_A_0835.edf, 1229824 bytes, 2012-11-16T16:05:57
824) freeDM_A_0837.edf, 1229824 bytes, 2012-11-16T16:05:57
825) freeDM_A_0836.edf, 1229824 bytes, 2012-11-16T16:05:57
826) freeDM_A_0838.edf, 1229824 bytes, 2012-11-16T16:05:57
827) freeDM_A_0839.edf, 1229824 bytes, 2012-11-16T16:05:57
828) freeDM_A_0840.edf, 1229824 bytes, 2012-11-16T16:05:57
829) freeDM_A_0841.edf, 1229824 bytes, 2012-11-16T16:05:57
830) freeDM_A_0843.edf, 1229824 bytes, 2012-11-16T16:05:57
831) freeDM_A_0842.edf, 1229824 bytes, 2012-11-16T16:05:57
832) freeDM_A_0844.edf, 1229824 bytes, 2012-11-16T16:05:57
833) freeDM_A_0845.edf, 1229824 bytes, 2012-11-16T16:05:57
834) freeDM_A_0846.edf, 1229824 bytes, 2012-11-16T16:05:57
835) freeDM_A_0847.edf, 1229824 bytes, 2012-11-16T16:05:57
836) freeDM_A_0848.edf, 1229824 bytes, 2012-11-16T16:05:57
837) freeDM_A_0849.edf, 1229824 bytes, 2012-11-16T16:05:57
838) freeDM_A_0851.edf, 1229824 bytes, 2012-11-16T16:05:57
839) freeDM_A_0852.edf, 1229824 bytes, 2012-11-16T16:05:57
840) freeDM_A_0850.edf, 1229824 bytes, 2012-11-16T16:05:57
841) freeDM_A_0853.edf, 1229824 bytes, 2012-11-16T16:05:57
842) freeDM_A_0854.edf, 1229824 bytes, 2012-11-16T16:05:57
843) freeDM_A_0856.edf, 1229824 bytes, 2012-11-16T16:05:57
844) freeDM_A_0855.edf, 1229824 bytes, 2012-11-16T16:05:57
845) freeDM_A_0858.edf, 1229824 bytes, 2012-11-16T16:05:57
846) freeDM_A_0857.edf, 1229824 bytes, 2012-11-16T16:05:57
847) freeDM_A_0859.edf, 1229824 bytes, 2012-11-16T16:05:57
848) freeDM_A_0860.edf, 1229824 bytes, 2012-11-16T16:05:57
849) freeDM_A_0862.edf, 1229824 bytes, 2012-11-16T16:05:57
850) freeDM_A_0861.edf, 1229824 bytes, 2012-11-16T16:05:57
851) freeDM_A_0863.edf, 1229824 bytes, 2012-11-16T16:05:57
852) freeDM_A_0864.edf, 1229824 bytes, 2012-11-16T16:05:57
853) freeDM_A_0865.edf, 1229824 bytes, 2012-11-16T16:05:57
854) freeDM_A_0866.edf, 1229824 bytes, 2012-11-16T16:05:57
855) freeDM_A_0868.edf, 1229824 bytes, 2012-11-16T16:05:57
856) freeDM_A_0867.edf, 1229824 bytes, 2012-11-16T16:05:57
857) freeDM_A_0869.edf, 1229824 bytes, 2012-11-16T16:05:57
858) freeDM_A_0870.edf, 1229824 bytes, 2012-11-16T16:05:57
859) freeDM_A_0872.edf, 1229824 bytes, 2012-11-16T16:05:57
860) freeDM_A_0871.edf, 1229824 bytes, 2012-11-16T16:05:57
861) freeDM_A_0873.edf, 1229824 bytes, 2012-11-16T16:05:57
862) freeDM_A_0874.edf, 1229824 bytes, 2012-11-16T16:05:57
863) freeDM_A_0875.edf, 1229824 bytes, 2012-11-16T16:05:57
864) freeDM_A_0877.edf, 1229824 bytes, 2012-11-16T16:05:57
865) freeDM_A_0878.edf, 1229824 bytes, 2012-11-16T16:05:57
866) freeDM_A_0876.edf, 1229824 bytes, 2012-11-16T16:05:57
867) freeDM_A_0879.edf, 1229824 bytes, 2012-11-16T16:05:57
868) freeDM_A_0881.edf, 1229824 bytes, 2012-11-16T16:05:57
869) freeDM_A_0882.edf, 1229824 bytes, 2012-11-16T16:05:57
870) freeDM_A_0880.edf, 1229824 bytes, 2012-11-16T16:05:57
871) freeDM_A_0883.edf, 1229824 bytes, 2012-11-16T16:05:57
872) freeDM_A_0886.edf, 1229824 bytes, 2012-11-16T16:05:57
873) freeDM_A_0884.edf, 1229824 bytes, 2012-11-16T16:05:57
874) freeDM_A_0885.edf, 1229824 bytes, 2012-11-16T16:05:57
875) freeDM_A_0888.edf, 1229824 bytes, 2012-11-16T16:05:57
876) freeDM_A_0887.edf, 1229824 bytes, 2012-11-16T16:05:57
877) freeDM_A_0890.edf, 1229824 bytes, 2012-11-16T16:05:57
878) freeDM_A_0889.edf, 1229824 bytes, 2012-11-16T16:05:57
879) freeDM_A_0891.edf, 1229824 bytes, 2012-11-16T16:05:57
880) freeDM_A_0894.edf, 1229824 bytes, 2012-11-16T16:05:57
881) freeDM_A_0895.edf, 1229824 bytes, 2012-11-16T16:05:57
882) freeDM_A_0892.edf, 1229824 bytes, 2012-11-16T16:05:57
883) freeDM_A_0893.edf, 1229824 bytes, 2012-11-16T16:05:57
884) freeDM_A_0896.edf, 1229824 bytes, 2012-11-16T16:05:57
885) freeDM_A_0897.edf, 1229824 bytes, 2012-11-16T16:05:57
886) freeDM_A_0898.edf, 1229824 bytes, 2012-11-16T16:05:57
887) freeDM_A_0899.edf, 1229824 bytes, 2012-11-16T16:05:57
888) freeDM_A_0902.edf, 1229824 bytes, 2012-11-16T16:05:57
889) freeDM_A_0900.edf, 1229824 bytes, 2012-11-16T16:05:57
890) freeDM_A_0901.edf, 1229824 bytes, 2012-11-16T16:05:57
891) freeDM_A_0903.edf, 1229824 bytes, 2012-11-16T16:05:57
892) freeDM_A_0904.edf, 1229824 bytes, 2012-11-16T16:05:57
893) freeDM_A_0906.edf, 1229824 bytes, 2012-11-16T16:05:57
894) freeDM_A_0907.edf, 1229824 bytes, 2012-11-16T16:05:57
895) freeDM_A_0905.edf, 1229824 bytes, 2012-11-16T16:05:57
896) freeDM_A_0908.edf, 1229824 bytes, 2012-11-16T16:05:57
897) freeDM_A_0910.edf, 1229824 bytes, 2012-11-16T16:05:57
898) freeDM_A_0909.edf, 1229824 bytes, 2012-11-16T16:05:57
899) freeDM_A_0911.edf, 1229824 bytes, 2012-11-16T16:05:57
900) freeDM_A_0913.edf, 1229824 bytes, 2012-11-16T16:05:57
901) freeDM_A_0912.edf, 1229824 bytes, 2012-11-16T16:05:57
902) freeDM_A_0914.edf, 1229824 bytes, 2012-11-16T16:05:57
903) freeDM_A_0915.edf, 1229824 bytes, 2012-11-16T16:05:57
904) freeDM_A_0916.edf, 1229824 bytes, 2012-11-16T16:05:57
905) freeDM_A_0919.edf, 1229824 bytes, 2012-11-16T16:05:57
906) freeDM_A_0917.edf, 1229824 bytes, 2012-11-16T16:05:57
907) freeDM_A_0918.edf, 1229824 bytes, 2012-11-16T16:05:57
908) freeDM_A_0920.edf, 1229824 bytes, 2012-11-16T16:05:57
909) freeDM_A_0921.edf, 1229824 bytes, 2012-11-16T16:05:57
910) freeDM_A_0922.edf, 1229824 bytes, 2012-11-16T16:05:57
911) freeDM_A_0923.edf, 1229824 bytes, 2012-11-16T16:05:57
912) freeDM_A_0924.edf, 1229824 bytes, 2012-11-16T16:05:57
913) freeDM_A_0925.edf, 1229824 bytes, 2012-11-16T16:05:57
914) freeDM_A_0926.edf, 1229824 bytes, 2012-11-16T16:05:57
915) freeDM_A_0927.edf, 1229824 bytes, 2012-11-16T16:05:57
916) freeDM_A_0928.edf, 1229824 bytes, 2012-11-16T16:05:57
917) freeDM_A_0929.edf, 1229824 bytes, 2012-11-16T16:05:57
918) freeDM_A_0930.edf, 1229824 bytes, 2012-11-16T16:05:57
919) freeDM_A_0931.edf, 1229824 bytes, 2012-11-16T16:05:57
920) freeDM_A_0932.edf, 1229824 bytes, 2012-11-16T16:05:57
921) freeDM_A_0933.edf, 1229824 bytes, 2012-11-16T16:05:57
922) freeDM_A_0934.edf, 1229824 bytes, 2012-11-16T16:05:57
923) freeDM_A_0935.edf, 1229824 bytes, 2012-11-16T16:05:57
924) freeDM_A_0936.edf, 1229824 bytes, 2012-11-16T16:05:57
925) freeDM_A_0937.edf, 1229824 bytes, 2012-11-16T16:05:57
926) freeDM_A_0938.edf, 1229824 bytes, 2012-11-16T16:05:57
927) freeDM_A_0939.edf, 1229824 bytes, 2012-11-16T16:05:57
928) freeDM_A_0940.edf, 1229824 bytes, 2012-11-16T16:05:57
929) freeDM_A_0941.edf, 1229824 bytes, 2012-11-16T16:05:57
930) freeDM_A_0942.edf, 1229824 bytes, 2012-11-16T16:05:57
931) freeDM_A_0943.edf, 1229824 bytes, 2012-11-16T16:05:57
932) freeDM_A_0945.edf, 1229824 bytes, 2012-11-16T16:05:57
933) freeDM_A_0946.edf, 1229824 bytes, 2012-11-16T16:05:57
934) freeDM_A_0944.edf, 1229824 bytes, 2012-11-16T16:05:57
935) freeDM_A_0947.edf, 1229824 bytes, 2012-11-16T16:05:57
936) freeDM_A_0948.edf, 1229824 bytes, 2012-11-16T16:05:57
937) freeDM_A_0949.edf, 1229824 bytes, 2012-11-16T16:05:57
938) freeDM_A_0951.edf, 1229824 bytes, 2012-11-16T16:05:57
939) freeDM_A_0950.edf, 1229824 bytes, 2012-11-16T16:05:57
940) freeDM_A_0952.edf, 1229824 bytes, 2012-11-16T16:05:57
941) freeDM_A_0953.edf, 1229824 bytes, 2012-11-16T16:05:57
942) freeDM_A_0955.edf, 1229824 bytes, 2012-11-16T16:05:57
943) freeDM_A_0954.edf, 1229824 bytes, 2012-11-16T16:05:57
944) freeDM_A_0957.edf, 1229824 bytes, 2012-11-16T16:05:57
945) freeDM_A_0956.edf, 1229824 bytes, 2012-11-16T16:05:57
946) freeDM_A_0958.edf, 1229824 bytes, 2012-11-16T16:05:57
947) freeDM_A_0960.edf, 1229824 bytes, 2012-11-16T16:05:57
948) freeDM_A_0959.edf, 1229824 bytes, 2012-11-16T16:05:57
949) freeDM_A_0961.edf, 1229824 bytes, 2012-11-16T16:05:57
950) freeDM_A_0962.edf, 1229824 bytes, 2012-11-16T16:05:57
951) freeDM_A_0963.edf, 1229824 bytes, 2012-11-16T16:05:57
952) freeDM_A_0964.edf, 1229824 bytes, 2012-11-16T16:05:57
953) freeDM_A_0965.edf, 1229824 bytes, 2012-11-16T16:05:57
954) freeDM_A_0966.edf, 1229824 bytes, 2012-11-16T16:05:57
955) freeDM_A_0967.edf, 1229824 bytes, 2012-11-16T16:05:57
956) freeDM_A_0968.edf, 1229824 bytes, 2012-11-16T16:05:57
957) freeDM_A_0969.edf, 1229824 bytes, 2012-11-16T16:05:57
958) freeDM_A_0970.edf, 1229824 bytes, 2012-11-16T16:05:57
959) freeDM_A_0971.edf, 1229824 bytes, 2012-11-16T16:05:57
960) freeDM_A_0973.edf, 1229824 bytes, 2012-11-16T16:05:57
961) freeDM_A_0974.edf, 1229824 bytes, 2012-11-16T16:05:57
962) freeDM_A_0972.edf, 1229824 bytes, 2012-11-16T16:05:57
963) freeDM_A_0975.edf, 1229824 bytes, 2012-11-16T16:05:57
964) freeDM_A_0976.edf, 1229824 bytes, 2012-11-16T16:05:57
965) freeDM_A_0977.edf, 1229824 bytes, 2012-11-16T16:05:57
966) freeDM_A_0979.edf, 1229824 bytes, 2012-11-16T16:05:57
967) freeDM_A_0980.edf, 1229824 bytes, 2012-11-16T16:05:57
968) freeDM_A_0978.edf, 1229824 bytes, 2012-11-16T16:05:57
969) freeDM_A_0982.edf, 1229824 bytes, 2012-11-16T16:05:57
970) freeDM_A_0981.edf, 1229824 bytes, 2012-11-16T16:05:57
971) freeDM_A_0983.edf, 1229824 bytes, 2012-11-16T16:05:57
972) freeDM_A_0984.edf, 1229824 bytes, 2012-11-16T16:05:57
973) freeDM_A_0985.edf, 1229824 bytes, 2012-11-16T16:05:57
974) freeDM_A_0986.edf, 1229824 bytes, 2012-11-16T16:05:57
975) freeDM_A_0987.edf, 1229824 bytes, 2012-11-16T16:05:57
976) freeDM_A_0989.edf, 1229824 bytes, 2012-11-16T16:05:57
977) freeDM_A_0988.edf, 1229824 bytes, 2012-11-16T16:05:57
978) freeDM_A_0991.edf, 1229824 bytes, 2012-11-16T16:05:57
979) freeDM_A_0990.edf, 1229824 bytes, 2012-11-16T16:05:57
980) freeDM_A_0992.edf, 1229824 bytes, 2012-11-16T16:05:57
981) freeDM_A_0993.edf, 1229824 bytes, 2012-11-16T16:05:57
982) freeDM_A_0995.edf, 1229824 bytes, 2012-11-16T16:05:57
983) freeDM_A_0994.edf, 1229824 bytes, 2012-11-16T16:05:57
984) freeDM_A_0996.edf, 1229824 bytes, 2012-11-16T16:05:57
985) freeDM_A_0998.edf, 1229824 bytes, 2012-11-16T16:05:57
986) freeDM_A_0997.edf, 1229824 bytes, 2012-11-16T16:05:57
987) freeDM_A_1000.edf, 1229824 bytes, 2012-11-16T16:05:57
988) freeDM_A_1001.edf, 1229824 bytes, 2012-11-16T16:05:57
989) freeDM_A_0999.edf, 1229824 bytes, 2012-11-16T16:05:57
990) freeDM_A_1002.edf, 1229824 bytes, 2012-11-16T16:05:58
991) freeDM_A_1003.edf, 1229824 bytes, 2012-11-16T16:05:58
992) freeDM_A_1004.edf, 1229824 bytes, 2012-11-16T16:05:58
993) freeDM_A_1006.edf, 1229824 bytes, 2012-11-16T16:05:58
994) freeDM_A_1005.edf, 1229824 bytes, 2012-11-16T16:05:58
995) freeDM_A_1007.edf, 1229824 bytes, 2012-11-16T16:05:58
996) freeDM_A_1008.edf, 1229824 bytes, 2012-11-16T16:05:58
997) freeDM_A_1009.edf, 1229824 bytes, 2012-11-16T16:05:58
998) freeDM_A_1011.edf, 1229824 bytes, 2012-11-16T16:05:58
999) freeDM_A_1010.edf, 1229824 bytes, 2012-11-16T16:05:58
1000) freeDM_A_1012.edf, 1229824 bytes, 2012-11-16T16:05:58
1001) freeDM_A_1013.edf, 1229824 bytes, 2012-11-16T16:05:58
1002) freeDM_A_1014.edf, 1229824 bytes, 2012-11-16T16:05:58
1003) freeDM_A_1015.edf, 1229824 bytes, 2012-11-16T16:05:58
1004) freeDM_A_1017.edf, 1229824 bytes, 2012-11-16T16:05:58
1005) freeDM_A_1016.edf, 1229824 bytes, 2012-11-16T16:05:58
1006) freeDM_A_1018.edf, 1229824 bytes, 2012-11-16T16:05:58
1007) freeDM_A_1019.edf, 1229824 bytes, 2012-11-16T16:05:58
1008) freeDM_A_1020.edf, 1229824 bytes, 2012-11-16T16:05:58
1009) freeDM_A_1022.edf, 1229824 bytes, 2012-11-16T16:05:58
1010) freeDM_A_1021.edf, 1229824 bytes, 2012-11-16T16:05:58
1011) freeDM_A_1023.edf, 1229824 bytes, 2012-11-16T16:05:58
1012) freeDM_A_1024.edf, 1229824 bytes, 2012-11-16T16:05:58
1013) freeDM_A_1025.edf, 1229824 bytes, 2012-11-16T16:05:58
1014) freeDM_A_1029.edf, 1229824 bytes, 2012-11-16T16:05:58
1015) freeDM_A_1028.edf, 1229824 bytes, 2012-11-16T16:05:58
1016) freeDM_A_1026.edf, 1229824 bytes, 2012-11-16T16:05:58
1017) freeDM_A_1027.edf, 1229824 bytes, 2012-11-16T16:05:58
1018) freeDM_A_1030.edf, 1229824 bytes, 2012-11-16T16:05:58
1019) freeDM_A_1032.edf, 1229824 bytes, 2012-11-16T16:05:58
1020) freeDM_A_1034.edf, 1229824 bytes, 2012-11-16T16:05:58
1021) freeDM_A_1031.edf, 1229824 bytes, 2012-11-16T16:05:58
1022) freeDM_A_1036.edf, 1229824 bytes, 2012-11-16T16:05:58
1023) freeDM_A_1033.edf, 1229824 bytes, 2012-11-16T16:05:58
1024) freeDM_A_1035.edf, 1229824 bytes, 2012-11-16T16:05:58
1025) freeDM_A_1038.edf, 1229824 bytes, 2012-11-16T16:05:58
1026) freeDM_A_1037.edf, 1229824 bytes, 2012-11-16T16:05:58
1027) freeDM_A_1040.edf, 1229824 bytes, 2012-11-16T16:05:58
1028) freeDM_A_1039.edf, 1229824 bytes, 2012-11-16T16:05:58
1029) freeDM_A_1041.edf, 1229824 bytes, 2012-11-16T16:05:58
1030) freeDM_A_1042.edf, 1229824 bytes, 2012-11-16T16:05:58
1031) freeDM_A_1044.edf, 1229824 bytes, 2012-11-16T16:05:58
1032) freeDM_A_1043.edf, 1229824 bytes, 2012-11-16T16:05:58
1033) freeDM_A_1045.edf, 1229824 bytes, 2012-11-16T16:05:58
1034) freeDM_A_1046.edf, 1229824 bytes, 2012-11-16T16:05:58
1035) freeDM_A_1047.edf, 1229824 bytes, 2012-11-16T16:05:58
1036) freeDM_A_1048.edf, 1229824 bytes, 2012-11-16T16:05:58
1037) freeDM_A_1049.edf, 1229824 bytes, 2012-11-16T16:05:58
1038) freeDM_A_1050.edf, 1229824 bytes, 2012-11-16T16:05:58
1039) freeDM_A_1052.edf, 1229824 bytes, 2012-11-16T16:05:58
1040) freeDM_A_1053.edf, 1229824 bytes, 2012-11-16T16:05:58
1041) freeDM_A_1051.edf, 1229824 bytes, 2012-11-16T16:05:58
1042) freeDM_A_1054.edf, 1229824 bytes, 2012-11-16T16:05:58
1043) freeDM_A_1056.edf, 1229824 bytes, 2012-11-16T16:05:58
1044) freeDM_A_1055.edf, 1229824 bytes, 2012-11-16T16:05:58
1045) freeDM_A_1057.edf, 1229824 bytes, 2012-11-16T16:05:58
1046) freeDM_A_1058.edf, 1229824 bytes, 2012-11-16T16:05:58
1047) freeDM_A_1060.edf, 1229824 bytes, 2012-11-16T16:05:58
1048) freeDM_A_1059.edf, 1229824 bytes, 2012-11-16T16:05:58
1049) freeDM_A_1061.edf, 1229824 bytes, 2012-11-16T16:05:58
1050) freeDM_A_1062.edf, 1229824 bytes, 2012-11-16T16:05:58
1051) freeDM_A_1063.edf, 1229824 bytes, 2012-11-16T16:05:58
1052) freeDM_A_1064.edf, 1229824 bytes, 2012-11-16T16:05:58
1053) freeDM_A_1065.edf, 1229824 bytes, 2012-11-16T16:05:58
1054) freeDM_A_1067.edf, 1229824 bytes, 2012-11-16T16:05:58
1055) freeDM_A_1066.edf, 1229824 bytes, 2012-11-16T16:05:58
1056) freeDM_A_1068.edf, 1229824 bytes, 2012-11-16T16:05:58
1057) freeDM_A_1069.edf, 1229824 bytes, 2012-11-16T16:05:58
1058) freeDM_A_1070.edf, 1229824 bytes, 2012-11-16T16:05:58
1059) freeDM_A_1071.edf, 1229824 bytes, 2012-11-16T16:05:58
1060) freeDM_A_1072.edf, 1229824 bytes, 2012-11-16T16:05:58
1061) freeDM_A_1073.edf, 1229824 bytes, 2012-11-16T16:05:58
1062) freeDM_A_1074.edf, 1229824 bytes, 2012-11-16T16:05:58
1063) freeDM_A_1075.edf, 1229824 bytes, 2012-11-16T16:05:58
1064) freeDM_A_1076.edf, 1229824 bytes, 2012-11-16T16:05:58
1065) freeDM_A_1077.edf, 1229824 bytes, 2012-11-16T16:05:58
1066) freeDM_A_1078.edf, 1229824 bytes, 2012-11-16T16:05:58
1067) freeDM_A_1080.edf, 1229824 bytes, 2012-11-16T16:05:58
1068) freeDM_A_1082.edf, 1229824 bytes, 2012-11-16T16:05:58
1069) freeDM_A_1081.edf, 1229824 bytes, 2012-11-16T16:05:58
1070) freeDM_A_1079.edf, 1229824 bytes, 2012-11-16T16:05:58
1071) freeDM_A_1083.edf, 1229824 bytes, 2012-11-16T16:05:58
1072) freeDM_A_1085.edf, 1229824 bytes, 2012-11-16T16:05:58
1073) freeDM_A_1084.edf, 1229824 bytes, 2012-11-16T16:05:58
1074) freeDM_A_1086.edf, 1229824 bytes, 2012-11-16T16:05:58
1075) freeDM_A_1087.edf, 1229824 bytes, 2012-11-16T16:05:58
1076) freeDM_A_1088.edf, 1229824 bytes, 2012-11-16T16:05:58
1077) freeDM_A_1089.edf, 1229824 bytes, 2012-11-16T16:05:58
1078) freeDM_A_1090.edf, 1229824 bytes, 2012-11-16T16:05:58
1079) freeDM_A_1091.edf, 1229824 bytes, 2012-11-16T16:05:58
1080) freeDM_A_1092.edf, 1229824 bytes, 2012-11-16T16:05:58
1081) freeDM_A_1094.edf, 1229824 bytes, 2012-11-16T16:05:58
1082) freeDM_A_1093.edf, 1229824 bytes, 2012-11-16T16:05:58
1083) freeDM_A_1095.edf, 1229824 bytes, 2012-11-16T16:05:58
1084) freeDM_A_1097.edf, 1229824 bytes, 2012-11-16T16:05:58
1085) freeDM_A_1096.edf, 1229824 bytes, 2012-11-16T16:05:58
1086) freeDM_A_1098.edf, 1229824 bytes, 2012-11-16T16:05:58
1087) freeDM_A_1099.edf, 1229824 bytes, 2012-11-16T16:05:58
1088) freeDM_A_1100.edf, 1229824 bytes, 2012-11-16T16:05:58
1089) freeDM_A_1101.edf, 1229824 bytes, 2012-11-16T16:05:58
1090) freeDM_A_1103.edf, 1229824 bytes, 2012-11-16T16:05:58
1091) freeDM_A_1102.edf, 1229824 bytes, 2012-11-16T16:05:58
1092) freeDM_A_1105.edf, 1229824 bytes, 2012-11-16T16:05:58
1093) freeDM_A_1104.edf, 1229824 bytes, 2012-11-16T16:05:58
1094) freeDM_A_1106.edf, 1229824 bytes, 2012-11-16T16:05:58
1095) freeDM_A_1108.edf, 1229824 bytes, 2012-11-16T16:05:58
1096) freeDM_A_1107.edf, 1229824 bytes, 2012-11-16T16:05:58
1097) freeDM_A_1109.edf, 1229824 bytes, 2012-11-16T16:05:58
1098) freeDM_A_1111.edf, 1229824 bytes, 2012-11-16T16:05:58
1099) freeDM_A_1110.edf, 1229824 bytes, 2012-11-16T16:05:58
1100) freeDM_A_1112.edf, 1229824 bytes, 2012-11-16T16:05:58
1101) freeDM_A_1113.edf, 1229824 bytes, 2012-11-16T16:05:58
1102) freeDM_A_1114.edf, 1229824 bytes, 2012-11-16T16:05:58
1103) freeDM_A_1115.edf, 1229824 bytes, 2012-11-16T16:05:58
1104) freeDM_A_1117.edf, 1229824 bytes, 2012-11-16T16:05:58
1105) freeDM_A_1118.edf, 1229824 bytes, 2012-11-16T16:05:58
1106) freeDM_A_1116.edf, 1229824 bytes, 2012-11-16T16:05:58
1107) freeDM_A_1120.edf, 1229824 bytes, 2012-11-16T16:05:58
1108) freeDM_A_1121.edf, 1229824 bytes, 2012-11-16T16:05:58
1109) freeDM_A_1119.edf, 1229824 bytes, 2012-11-16T16:05:58
1110) freeDM_A_1122.edf, 1229824 bytes, 2012-11-16T16:05:58
1111) freeDM_A_1123.edf, 1229824 bytes, 2012-11-16T16:05:58
1112) freeDM_A_1124.edf, 1229824 bytes, 2012-11-16T16:05:58
1113) freeDM_A_1125.edf, 1229824 bytes, 2012-11-16T16:05:58
1114) freeDM_A_1128.edf, 1229824 bytes, 2012-11-16T16:05:58
1115) freeDM_A_1126.edf, 1229824 bytes, 2012-11-16T16:05:58
1116) freeDM_A_1127.edf, 1229824 bytes, 2012-11-16T16:05:58
1117) freeDM_A_1129.edf, 1229824 bytes, 2012-11-16T16:05:58
1118) freeDM_A_1131.edf, 1229824 bytes, 2012-11-16T16:05:58
1119) freeDM_A_1130.edf, 1229824 bytes, 2012-11-16T16:05:58
1120) freeDM_A_1134.edf, 1229824 bytes, 2012-11-16T16:05:58
1121) freeDM_A_1133.edf, 1229824 bytes, 2012-11-16T16:05:58
1122) freeDM_A_1132.edf, 1229824 bytes, 2012-11-16T16:05:58
1123) freeDM_A_1135.edf, 1229824 bytes, 2012-11-16T16:05:58
1124) freeDM_A_1136.edf, 1229824 bytes, 2012-11-16T16:05:58
1125) freeDM_A_1138.edf, 1229824 bytes, 2012-11-16T16:05:58
1126) freeDM_A_1137.edf, 1229824 bytes, 2012-11-16T16:05:58
1127) freeDM_A_1139.edf, 1229824 bytes, 2012-11-16T16:05:58
1128) freeDM_A_1140.edf, 1229824 bytes, 2012-11-16T16:05:58
1129) freeDM_A_1141.edf, 1229824 bytes, 2012-11-16T16:05:58
1130) freeDM_A_1142.edf, 1229824 bytes, 2012-11-16T16:05:58
1131) freeDM_A_1144.edf, 1229824 bytes, 2012-11-16T16:05:58
1132) freeDM_A_1143.edf, 1229824 bytes, 2012-11-16T16:05:58
1133) freeDM_A_1147.edf, 1229824 bytes, 2012-11-16T16:05:58
1134) freeDM_A_1146.edf, 1229824 bytes, 2012-11-16T16:05:58
1135) freeDM_A_1145.edf, 1229824 bytes, 2012-11-16T16:05:58
1136) freeDM_A_1149.edf, 1229824 bytes, 2012-11-16T16:05:58
1137) freeDM_A_1148.edf, 1229824 bytes, 2012-11-16T16:05:58
1138) freeDM_A_1150.edf, 1229824 bytes, 2012-11-16T16:05:58
1139) freeDM_A_1152.edf, 1229824 bytes, 2012-11-16T16:05:58
1140) freeDM_A_1151.edf, 1229824 bytes, 2012-11-16T16:05:58
1141) freeDM_A_1153.edf, 1229824 bytes, 2012-11-16T16:05:58
1142) freeDM_A_1154.edf, 1229824 bytes, 2012-11-16T16:05:58
1143) freeDM_A_1155.edf, 1229824 bytes, 2012-11-16T16:05:58
1144) freeDM_A_1156.edf, 1229824 bytes, 2012-11-16T16:05:58
1145) freeDM_A_1157.edf, 1229824 bytes, 2012-11-16T16:05:58
1146) freeDM_A_1158.edf, 1229824 bytes, 2012-11-16T16:05:58
1147) freeDM_A_1159.edf, 1229824 bytes, 2012-11-16T16:05:58
1148) freeDM_A_1163.edf, 1229824 bytes, 2012-11-16T16:05:58
1149) freeDM_A_1160.edf, 1229824 bytes, 2012-11-16T16:05:58
1150) freeDM_A_1161.edf, 1229824 bytes, 2012-11-16T16:05:58
1151) freeDM_A_1162.edf, 1229824 bytes, 2012-11-16T16:05:58
1152) freeDM_A_1164.edf, 1229824 bytes, 2012-11-16T16:05:58
1153) freeDM_A_1165.edf, 1229824 bytes, 2012-11-16T16:05:58
1154) freeDM_A_1167.edf, 1229824 bytes, 2012-11-16T16:05:58
1155) freeDM_A_1168.edf, 1229824 bytes, 2012-11-16T16:05:58
1156) freeDM_A_1166.edf, 1229824 bytes, 2012-11-16T16:05:58
1157) freeDM_A_1169.edf, 1229824 bytes, 2012-11-16T16:05:58
1158) freeDM_A_1170.edf, 1229824 bytes, 2012-11-16T16:05:58
1159) freeDM_A_1171.edf, 1229824 bytes, 2012-11-16T16:05:58
1160) freeDM_A_1173.edf, 1229824 bytes, 2012-11-16T16:05:58
1161) freeDM_A_1172.edf, 1229824 bytes, 2012-11-16T16:05:58
1162) freeDM_A_1174.edf, 1229824 bytes, 2012-11-16T16:05:58
1163) freeDM_A_1176.edf, 1229824 bytes, 2012-11-16T16:05:58
1164) freeDM_A_1177.edf, 1229824 bytes, 2012-11-16T16:05:58
1165) freeDM_A_1175.edf, 1229824 bytes, 2012-11-16T16:05:58
1166) freeDM_A_1178.edf, 1229824 bytes, 2012-11-16T16:05:58
1167) freeDM_A_1179.edf, 1229824 bytes, 2012-11-16T16:05:58
1168) freeDM_A_1180.edf, 1229824 bytes, 2012-11-16T16:05:58
1169) freeDM_A_1182.edf, 1229824 bytes, 2012-11-16T16:05:58
1170) freeDM_A_1181.edf, 1229824 bytes, 2012-11-16T16:05:58
1171) freeDM_A_1183.edf, 1229824 bytes, 2012-11-16T16:05:58
1172) freeDM_A_1184.edf, 1229824 bytes, 2012-11-16T16:05:58
1173) freeDM_A_1186.edf, 1229824 bytes, 2012-11-16T16:05:58
1174) freeDM_A_1185.edf, 1229824 bytes, 2012-11-16T16:05:58
1175) freeDM_A_1188.edf, 1229824 bytes, 2012-11-16T16:05:58
1176) freeDM_A_1187.edf, 1229824 bytes, 2012-11-16T16:05:58
1177) freeDM_A_1189.edf, 1229824 bytes, 2012-11-16T16:05:58
1178) freeDM_A_1190.edf, 1229824 bytes, 2012-11-16T16:05:58
1179) freeDM_A_1191.edf, 1229824 bytes, 2012-11-16T16:05:58
1180) freeDM_A_1192.edf, 1229824 bytes, 2012-11-16T16:05:58
1181) freeDM_A_1194.edf, 1229824 bytes, 2012-11-16T16:05:58
1182) freeDM_A_1195.edf, 1229824 bytes, 2012-11-16T16:05:58
1183) freeDM_A_1193.edf, 1229824 bytes, 2012-11-16T16:05:58
1184) freeDM_A_1196.edf, 1229824 bytes, 2012-11-16T16:05:58
1185) freeDM_A_1198.edf, 1229824 bytes, 2012-11-16T16:05:58
1186) freeDM_A_1197.edf, 1229824 bytes, 2012-11-16T16:05:58
1187) freeDM_A_1200.edf, 1229824 bytes, 2012-11-16T16:05:58
1188) freeDM_A_1201.edf, 1229824 bytes, 2012-11-16T16:05:58
1189) freeDM_A_1199.edf, 1229824 bytes, 2012-11-16T16:05:58
1190) quali_0000.edf, 1229824 bytes, 2012-11-16T16:05:58
1191) freeDM_A_1202.edf, 1229824 bytes, 2012-11-16T16:05:58
1192) quali_1200.edf, 1229824 bytes, 2012-11-16T16:05:58
1193) ref0000_1200.edf, 1229824 bytes, 2012-11-16T16:05:58
1194) ref0000_0000.edf, 1229824 bytes, 2012-11-16T16:05:58
1195) ref0001_1200.edf, 1229824 bytes, 2012-11-16T16:05:58
1196) ref0001_0000.edf, 1229824 bytes, 2012-11-16T16:05:58
1197) ref0002_0000.edf, 1229824 bytes, 2012-11-16T16:05:58
1198) ref0002_1200.edf, 1229824 bytes, 2012-11-16T16:05:58
1199) ref0003_0000.edf, 1229824 bytes, 2012-11-16T16:05:58
1200) ref0003_1200.edf, 1229824 bytes, 2012-11-16T16:05:58
1201) ref0005_0000.edf, 1229824 bytes, 2012-11-16T16:05:58
1202) ref0004_1200.edf, 1229824 bytes, 2012-11-16T16:05:58
1203) ref0004_0000.edf, 1229824 bytes, 2012-11-16T16:05:58
1204) ref0005_1200.edf, 1229824 bytes, 2012-11-16T16:05:58
1205) ref0006_1200.edf, 1229824 bytes, 2012-11-16T16:05:58
1206) ref0006_0000.edf, 1229824 bytes, 2012-11-16T16:05:58
1207) ref0007_0000.edf, 1229824 bytes, 2012-11-16T16:05:58
1208) ref0008_0000.edf, 1229824 bytes, 2012-11-16T16:05:58
1209) ref0007_1200.edf, 1229824 bytes, 2012-11-16T16:05:58
1210) ref0008_1200.edf, 1229824 bytes, 2012-11-16T16:05:58
1211) ref0009_1200.edf, 1229824 bytes, 2012-11-16T16:05:58
1212) ref0009_0000.edf, 1229824 bytes, 2012-11-16T16:05:58
1213) freeDM_A__2.db, 4 bytes, 2012-11-16T16:05:58
1214) freeDM_A__2.xml, 972 bytes, 2012-11-16T16:05:58
1215) freeDM_A__idAc.xml, 77 bytes, 2012-11-16T16:05:58
1216) freeDM_A__proj0.jpg, 46043 bytes, 2012-11-16T16:05:58
1217) freeDM_A__proj90.jpg, 49585 bytes, 2012-11-16T16:05:58
1218) freeDM_A__slice.jpg, 487849 bytes, 2012-11-16T16:05:58
1219) freeDM_A_slice.par, 4438 bytes, 2012-11-16T16:05:58
1220) freeDM_A_slice_0138.vol, 16777216 bytes, 2012-11-16T16:05:58
1221) freeDM_A_slice_0138.vol.info, 121 bytes, 2012-11-16T16:05:58
1222) freeDM_A_slice_0138.vol.xml, 445 bytes, 2012-11-16T16:05:58
1223) freeDM_A_slice_0157.vol, 16777216 bytes, 2012-11-16T16:05:58
1224) freeDM_A_slice_0157.vol.info, 121 bytes, 2012-11-16T16:05:58
1225) freeDM_A_slice_0157.vol.xml, 445 bytes, 2012-11-16T16:05:58
1226) ref0010_1200.edf, 1229824 bytes, 2012-11-16T16:05:58
1227) ref0010_0000.edf, 1229824 bytes, 2012-11-16T16:05:58
1228) ref0011_0000.edf, 1229824 bytes, 2012-11-16T16:05:58
1229) ref0011_1200.edf, 1229824 bytes, 2012-11-16T16:05:58
1230) ref0012_0000.edf, 1229824 bytes, 2012-11-16T16:05:58
1231) ref0012_1200.edf, 1229824 bytes, 2012-11-16T16:05:58
1232) ref0013_0000.edf, 1229824 bytes, 2012-11-16T16:05:58
1233) ref0014_0000.edf, 1229824 bytes, 2012-11-16T16:05:58
1234) ref0013_1200.edf, 1229824 bytes, 2012-11-16T16:05:58
1235) ref0014_1200.edf, 1229824 bytes, 2012-11-16T16:05:58
1236) refHST0000.edf, 1229312 bytes, 2012-11-16T16:05:58
1237) refHST1200.edf, 1229312 bytes, 2012-11-16T16:05:58
1238) dark.edf, 1229312 bytes, 2012-11-16T16:05:58
1239) darkend0000.edf, 2459648 bytes, 2012-11-16T16:05:58
1240) freeDM_A_0002.edf, 1229824 bytes, 2012-11-16T16:05:58
1241) freeDM_A_0001.edf, 1229824 bytes, 2012-11-16T16:05:58
1242) freeDM_A_0048.edf, 1229824 bytes, 2012-11-16T16:05:58
1243) freeDM_A_0000.edf, 1229824 bytes, 2012-11-16T16:05:58
1244) freeDM_A_0100.edf, 1229824 bytes, 2012-11-16T16:05:58
1245) freeDM_A_0103.edf, 1229824 bytes, 2012-11-16T16:05:58
1246) freeDM_A_0207.edf, 1229824 bytes, 2012-11-16T16:05:58
1247) freeDM_A_0156.edf, 1229824 bytes, 2012-11-16T16:05:58
1248) freeDM_A_0261.edf, 1229824 bytes, 2012-11-16T16:05:58
1249) freeDM_A_0004.edf, 1229824 bytes, 2012-11-16T16:05:58
1250) freeDM_A_0005.edf, 1229824 bytes, 2012-11-16T16:05:58
1251) freeDM_A_0008.edf, 1229824 bytes, 2012-11-16T16:05:58
1252) freeDM_A_0104.edf, 1229824 bytes, 2012-11-16T16:05:58
1253) freeDM_A_0105.edf, 1229824 bytes, 2012-11-16T16:05:58
1254) freeDM_A_0209.edf, 1229824 bytes, 2012-11-16T16:05:58
1255) freeDM_A_0211.edf, 1229824 bytes, 2012-11-16T16:05:58
1256) freeDM_A_0267.edf, 1229824 bytes, 2012-11-16T16:05:58
1257) freeDM_A_0317.edf, 1229824 bytes, 2012-11-16T16:05:58
1258) freeDM_A_0369.edf, 1229824 bytes, 2012-11-16T16:05:58
1259) freeDM_A_0642.edf, 1229824 bytes, 2012-11-16T16:05:58
1260) Thumbs.db, 16384 bytes, 2013-02-28T14:18:45

